This file contains any messages produced by compilers while
running configure, to aid debugging if configure makes a mistake.

It was created by configure, which was
generated by GNU Autoconf 2.68.  Invocation command line was

  $ ./configure 

## --------- ##
## Platform. ##
## --------- ##

hostname = zfs
uname -m = x86_64
uname -r = 3.13.0-45-generic
uname -s = Linux
uname -v = #74-Ubuntu SMP Tue Jan 13 19:36:28 UTC 2015

/usr/bin/uname -p = unknown
/bin/uname -X     = unknown

/bin/arch              = unknown
/usr/bin/arch -k       = unknown
/usr/convex/getsysinfo = unknown
/usr/bin/hostinfo      = unknown
/bin/machine           = unknown
/usr/bin/oslevel       = unknown
/bin/universe          = unknown

PATH: /usr/local/sbin
PATH: /usr/local/bin
PATH: /usr/sbin
PATH: /usr/bin
PATH: /sbin
PATH: /bin


## ----------- ##
## Core tests. ##
## ----------- ##

configure:2186: checking for gawk
configure:2202: found /usr/bin/gawk
configure:2213: result: gawk
configure:2224: checking metadata
configure:2338: result: META file
configure:2376: checking build system type
configure:2390: result: x86_64-unknown-linux-gnu
configure:2410: checking host system type
configure:2423: result: x86_64-unknown-linux-gnu
configure:2443: checking target system type
configure:2456: result: x86_64-unknown-linux-gnu
configure:2484: checking whether to enable maintainer-specific portions of Makefiles
configure:2493: result: no
configure:2517: checking whether make supports nested variables
configure:2534: result: yes
configure:2561: checking for a BSD-compatible install
configure:2629: result: /usr/bin/install -c
configure:2640: checking whether build environment is sane
configure:2690: result: yes
configure:2831: checking for a thread-safe mkdir -p
configure:2870: result: /bin/mkdir -p
configure:2879: checking whether make sets $(MAKE)
configure:2901: result: yes
configure:3033: checking for gcc
configure:3049: found /usr/bin/gcc
configure:3060: result: gcc
configure:3289: checking for C compiler version
configure:3298: gcc --version >&5
gcc (Ubuntu 4.8.2-19ubuntu1) 4.8.2
Copyright (C) 2013 Free Software Foundation, Inc.
This is free software; see the source for copying conditions.  There is NO
warranty; not even for MERCHANTABILITY or FITNESS FOR A PARTICULAR PURPOSE.

configure:3309: $? = 0
configure:3298: gcc -v >&5
Using built-in specs.
COLLECT_GCC=gcc
COLLECT_LTO_WRAPPER=/usr/lib/gcc/x86_64-linux-gnu/4.8/lto-wrapper
Target: x86_64-linux-gnu
Configured with: ../src/configure -v --with-pkgversion='Ubuntu 4.8.2-19ubuntu1' --with-bugurl=file:///usr/share/doc/gcc-4.8/README.Bugs --enable-languages=c,c++,java,go,d,fortran,objc,obj-c++ --prefix=/usr --program-suffix=-4.8 --enable-shared --enable-linker-build-id --libexecdir=/usr/lib --without-included-gettext --enable-threads=posix --with-gxx-include-dir=/usr/include/c++/4.8 --libdir=/usr/lib --enable-nls --with-sysroot=/ --enable-clocale=gnu --enable-libstdcxx-debug --enable-libstdcxx-time=yes --enable-gnu-unique-object --disable-libmudflap --enable-plugin --with-system-zlib --disable-browser-plugin --enable-java-awt=gtk --enable-gtk-cairo --with-java-home=/usr/lib/jvm/java-1.5.0-gcj-4.8-amd64/jre --enable-java-home --with-jvm-root-dir=/usr/lib/jvm/java-1.5.0-gcj-4.8-amd64 --with-jvm-jar-dir=/usr/lib/jvm-exports/java-1.5.0-gcj-4.8-amd64 --with-arch-directory=amd64 --with-ecj-jar=/usr/share/java/eclipse-ecj.jar --enable-objc-gc --enable-multiarch --disable-werror --with-arch-32=i686 --with-abi=m64 --with-multilib-list=m32,m64,mx32 --with-tune=generic --enable-checking=release --build=x86_64-linux-gnu --host=x86_64-linux-gnu --target=x86_64-linux-gnu
Thread model: posix
gcc version 4.8.2 (Ubuntu 4.8.2-19ubuntu1) 
configure:3309: $? = 0
configure:3298: gcc -V >&5
gcc: error: unrecognized command line option '-V'
gcc: fatal error: no input files
compilation terminated.
configure:3309: $? = 4
configure:3298: gcc -qversion >&5
gcc: error: unrecognized command line option '-qversion'
gcc: fatal error: no input files
compilation terminated.
configure:3309: $? = 4
configure:3329: checking whether the C compiler works
configure:3351: gcc    conftest.c  >&5
configure:3355: $? = 0
configure:3403: result: yes
configure:3406: checking for C compiler default output file name
configure:3408: result: a.out
configure:3414: checking for suffix of executables
configure:3421: gcc -o conftest    conftest.c  >&5
configure:3425: $? = 0
configure:3447: result: 
configure:3469: checking whether we are cross compiling
configure:3477: gcc -o conftest    conftest.c  >&5
configure:3481: $? = 0
configure:3488: ./conftest
configure:3492: $? = 0
configure:3507: result: no
configure:3512: checking for suffix of object files
configure:3534: gcc -c   conftest.c >&5
configure:3538: $? = 0
configure:3559: result: o
configure:3563: checking whether we are using the GNU C compiler
configure:3582: gcc -c   conftest.c >&5
configure:3582: $? = 0
configure:3591: result: yes
configure:3600: checking whether gcc accepts -g
configure:3620: gcc -c -g  conftest.c >&5
configure:3620: $? = 0
configure:3661: result: yes
configure:3678: checking for gcc option to accept ISO C89
configure:3742: gcc  -c -g -O2  conftest.c >&5
configure:3742: $? = 0
configure:3755: result: none needed
configure:3786: checking for style of include used by make
configure:3814: result: GNU
configure:3840: checking dependency style of gcc
configure:3951: result: gcc3
configure:4012: checking how to print strings
configure:4039: result: printf
configure:4060: checking for a sed that does not truncate output
configure:4124: result: /bin/sed
configure:4142: checking for grep that handles long lines and -e
configure:4200: result: /bin/grep
configure:4205: checking for egrep
configure:4267: result: /bin/grep -E
configure:4272: checking for fgrep
configure:4334: result: /bin/grep -F
configure:4369: checking for ld used by gcc
configure:4436: result: /usr/bin/ld
configure:4443: checking if the linker (/usr/bin/ld) is GNU ld
configure:4458: result: yes
configure:4470: checking for BSD- or MS-compatible name lister (nm)
configure:4519: result: /usr/bin/nm -B
configure:4649: checking the name lister (/usr/bin/nm -B) interface
configure:4656: gcc -c -g -O2  conftest.c >&5
configure:4659: /usr/bin/nm -B "conftest.o"
configure:4662: output
0000000000000000 B some_variable
configure:4669: result: BSD nm
configure:4672: checking whether ln -s works
configure:4676: result: yes
configure:4684: checking the maximum length of command line arguments
configure:4814: result: 1572864
configure:4831: checking whether the shell understands some XSI constructs
configure:4841: result: yes
configure:4845: checking whether the shell understands "+="
configure:4851: result: yes
configure:4886: checking how to convert x86_64-unknown-linux-gnu file names to x86_64-unknown-linux-gnu format
configure:4926: result: func_convert_file_noop
configure:4933: checking how to convert x86_64-unknown-linux-gnu file names to toolchain format
configure:4953: result: func_convert_file_noop
configure:4960: checking for /usr/bin/ld option to reload object files
configure:4967: result: -r
configure:5041: checking for objdump
configure:5057: found /usr/bin/objdump
configure:5068: result: objdump
configure:5100: checking how to recognize dependent libraries
configure:5302: result: pass_all
configure:5387: checking for dlltool
configure:5417: result: no
configure:5447: checking how to associate runtime and link libraries
configure:5474: result: printf %s\n
configure:5535: checking for ar
configure:5551: found /usr/bin/ar
configure:5562: result: ar
configure:5599: checking for archiver @FILE support
configure:5616: gcc -c -g -O2  conftest.c >&5
configure:5616: $? = 0
configure:5619: ar cru libconftest.a @conftest.lst >&5
configure:5622: $? = 0
configure:5627: ar cru libconftest.a @conftest.lst >&5
ar: conftest.o: No such file or directory
configure:5630: $? = 1
configure:5642: result: @
configure:5700: checking for strip
configure:5716: found /usr/bin/strip
configure:5727: result: strip
configure:5799: checking for ranlib
configure:5815: found /usr/bin/ranlib
configure:5826: result: ranlib
configure:5928: checking command to parse /usr/bin/nm -B output from gcc object
configure:6048: gcc -c -g -O2  conftest.c >&5
configure:6051: $? = 0
configure:6055: /usr/bin/nm -B conftest.o \| sed -n -e 's/^.*[ ]\([ABCDGIRSTW][ABCDGIRSTW]*\)[ ][ ]*\([_A-Za-z][_A-Za-z0-9]*\)$/\1 \2 \2/p' | sed '/ __gnu_lto/d' \> conftest.nm
configure:6058: $? = 0
configure:6124: gcc -o conftest -g -O2   conftest.c conftstm.o >&5
configure:6127: $? = 0
configure:6165: result: ok
configure:6202: checking for sysroot
configure:6232: result: no
configure:6309: gcc -c -g -O2  conftest.c >&5
configure:6312: $? = 0
configure:6488: checking for mt
configure:6504: found /bin/mt
configure:6515: result: mt
configure:6538: checking if mt is a manifest tool
configure:6544: mt '-?'
configure:6552: result: no
configure:7194: checking how to run the C preprocessor
configure:7225: gcc -E  conftest.c
configure:7225: $? = 0
configure:7239: gcc -E  conftest.c
conftest.c:15:28: fatal error: ac_nonexistent.h: No such file or directory
 #include <ac_nonexistent.h>
                            ^
compilation terminated.
configure:7239: $? = 1
configure: failed program was:
| /* confdefs.h */
| #define PACKAGE_NAME ""
| #define PACKAGE_TARNAME ""
| #define PACKAGE_VERSION ""
| #define PACKAGE_STRING ""
| #define PACKAGE_BUGREPORT ""
| #define PACKAGE_URL ""
| #define SPL_META_NAME "spl"
| #define SPL_META_VERSION "0.6.3"
| #define SPL_META_RELEASE "1"
| #define SPL_META_ALIAS "spl-0.6.3-1"
| #define PACKAGE "spl"
| #define VERSION "0.6.3"
| /* end confdefs.h.  */
| #include <ac_nonexistent.h>
configure:7264: result: gcc -E
configure:7284: gcc -E  conftest.c
configure:7284: $? = 0
configure:7298: gcc -E  conftest.c
conftest.c:15:28: fatal error: ac_nonexistent.h: No such file or directory
 #include <ac_nonexistent.h>
                            ^
compilation terminated.
configure:7298: $? = 1
configure: failed program was:
| /* confdefs.h */
| #define PACKAGE_NAME ""
| #define PACKAGE_TARNAME ""
| #define PACKAGE_VERSION ""
| #define PACKAGE_STRING ""
| #define PACKAGE_BUGREPORT ""
| #define PACKAGE_URL ""
| #define SPL_META_NAME "spl"
| #define SPL_META_VERSION "0.6.3"
| #define SPL_META_RELEASE "1"
| #define SPL_META_ALIAS "spl-0.6.3-1"
| #define PACKAGE "spl"
| #define VERSION "0.6.3"
| /* end confdefs.h.  */
| #include <ac_nonexistent.h>
configure:7327: checking for ANSI C header files
configure:7347: gcc -c -g -O2  conftest.c >&5
configure:7347: $? = 0
configure:7420: gcc -o conftest -g -O2   conftest.c  >&5
configure:7420: $? = 0
configure:7420: ./conftest
configure:7420: $? = 0
configure:7431: result: yes
configure:7444: checking for sys/types.h
configure:7444: gcc -c -g -O2  conftest.c >&5
configure:7444: $? = 0
configure:7444: result: yes
configure:7444: checking for sys/stat.h
configure:7444: gcc -c -g -O2  conftest.c >&5
configure:7444: $? = 0
configure:7444: result: yes
configure:7444: checking for stdlib.h
configure:7444: gcc -c -g -O2  conftest.c >&5
configure:7444: $? = 0
configure:7444: result: yes
configure:7444: checking for string.h
configure:7444: gcc -c -g -O2  conftest.c >&5
configure:7444: $? = 0
configure:7444: result: yes
configure:7444: checking for memory.h
configure:7444: gcc -c -g -O2  conftest.c >&5
configure:7444: $? = 0
configure:7444: result: yes
configure:7444: checking for strings.h
configure:7444: gcc -c -g -O2  conftest.c >&5
configure:7444: $? = 0
configure:7444: result: yes
configure:7444: checking for inttypes.h
configure:7444: gcc -c -g -O2  conftest.c >&5
configure:7444: $? = 0
configure:7444: result: yes
configure:7444: checking for stdint.h
configure:7444: gcc -c -g -O2  conftest.c >&5
configure:7444: $? = 0
configure:7444: result: yes
configure:7444: checking for unistd.h
configure:7444: gcc -c -g -O2  conftest.c >&5
configure:7444: $? = 0
configure:7444: result: yes
configure:7458: checking for dlfcn.h
configure:7458: gcc -c -g -O2  conftest.c >&5
configure:7458: $? = 0
configure:7458: result: yes
configure:7664: checking for objdir
configure:7679: result: .libs
configure:7950: checking if gcc supports -fno-rtti -fno-exceptions
configure:7968: gcc -c -g -O2  -fno-rtti -fno-exceptions conftest.c >&5
cc1: warning: command line option '-fno-rtti' is valid for C++/ObjC++ but not for C [enabled by default]
configure:7972: $? = 0
configure:7985: result: no
configure:8312: checking for gcc option to produce PIC
configure:8319: result: -fPIC -DPIC
configure:8327: checking if gcc PIC flag -fPIC -DPIC works
configure:8345: gcc -c -g -O2  -fPIC -DPIC -DPIC conftest.c >&5
configure:8349: $? = 0
configure:8362: result: yes
configure:8391: checking if gcc static flag -static works
configure:8419: result: yes
configure:8434: checking if gcc supports -c -o file.o
configure:8455: gcc -c -g -O2  -o out/conftest2.o conftest.c >&5
configure:8459: $? = 0
configure:8481: result: yes
configure:8489: checking if gcc supports -c -o file.o
configure:8536: result: yes
configure:8569: checking whether the gcc linker (/usr/bin/ld -m elf_x86_64) supports shared libraries
configure:9726: result: yes
configure:9763: checking whether -lc should be explicitly linked in
configure:9771: gcc -c -g -O2  conftest.c >&5
configure:9774: $? = 0
configure:9789: gcc -shared  -fPIC -DPIC conftest.o  -v -Wl,-soname -Wl,conftest -o conftest 2\>\&1 \| /bin/grep  -lc  \>/dev/null 2\>\&1
configure:9792: $? = 0
configure:9806: result: no
configure:9966: checking dynamic linker characteristics
configure:10477: gcc -o conftest -g -O2   -Wl,-rpath -Wl,/foo conftest.c  >&5
configure:10477: $? = 0
configure:10711: result: GNU/Linux ld.so
configure:10818: checking how to hardcode library paths into programs
configure:10843: result: immediate
configure:11383: checking whether stripping libraries is possible
configure:11388: result: yes
configure:11423: checking if libtool supports shared libraries
configure:11425: result: yes
configure:11428: checking whether to build shared libraries
configure:11449: result: yes
configure:11452: checking whether to build static libraries
configure:11456: result: yes
configure:11495: checking spl license
configure:11498: result: GPL
configure:11505: checking linux distribution
configure:11530: result: ubuntu
configure:11534: checking default package type
configure:11550: result: deb
configure:11558: checking whether rpm is available
configure:11564: result: yes (4.11.1)
configure:11575: checking whether rpmbuild is available
configure:11581: result: yes (4.11.1)
configure:11610: checking whether spec files are available
configure:11612: result: yes (rpm/generic/*.spec.in)
configure:11637: checking whether dpkg is available
configure:11643: result: yes (1.17.5)
configure:11654: checking whether dpkg-buildpackage is available
configure:11661: result: yes (1.17.5.)
configure:11683: checking whether alien is available
configure:11689: result: yes (8.90)
configure:11721: checking spl config
configure:11723: result: all
configure:18139: checking kernel source directory
configure:18165: result: /usr/src/linux-headers-3.13.0-45-generic
configure:18174: checking kernel build directory
configure:18189: result: /usr/src/linux-headers-3.13.0-45-generic
configure:18192: checking kernel source version
configure:18228: result: 3.13.0-45-generic
configure:18241: checking kernel file name for module symbols
configure:18260: result: Module.symvers
configure:18275: checking whether debugging is enabled
configure:18301: result: no
configure:18328: checking whether basic debug logging is enabled
configure:18330: result: yes
configure:18357: checking whether basic kmem accounting is enabled
configure:18359: result: yes
configure:18386: checking whether detailed kmem tracking is enabled
configure:18388: result: no
configure:18391: checking whether modules can be built
configure:18414: cp conftest.c build && make modules -C /usr/src/linux-headers-3.13.0-45-generic EXTRA_CFLAGS=-Werror-implicit-function-declaration   M=/home/ubuntu/zfs/spl-0.6.3/build 
configure:18417: $? = 0
configure:18419: test -s build/conftest.o
configure:18422: $? = 0
configure:18425: result: yes
configure:18483: cp conftest.c build && make modules -C /usr/src/linux-headers-3.13.0-45-generic EXTRA_CFLAGS=-Werror-implicit-function-declaration   M=/home/ubuntu/zfs/spl-0.6.3/build 
configure:18486: $? = 0
configure:18488: test -s build/conftest.o
configure:18491: $? = 0
configure:18545: checking whether atomic types use spinlocks
configure:18547: result: no
configure:18550: checking whether kernel defines atomic64_t
configure:18552: result: yes
configure:18555: checking whether kernel defines atomic64_cmpxchg
configure:18582: cp conftest.c build && make modules -C /usr/src/linux-headers-3.13.0-45-generic EXTRA_CFLAGS=-Werror-implicit-function-declaration   M=/home/ubuntu/zfs/spl-0.6.3/build 
configure:18585: $? = 0
configure:18587: test -s build/conftest.o
configure:18590: $? = 0
configure:18593: result: yes
configure:18613: checking whether kernel defines atomic64_xchg
configure:18640: cp conftest.c build && make modules -C /usr/src/linux-headers-3.13.0-45-generic EXTRA_CFLAGS=-Werror-implicit-function-declaration   M=/home/ubuntu/zfs/spl-0.6.3/build 
configure:18643: $? = 0
configure:18645: test -s build/conftest.o
configure:18648: $? = 0
configure:18651: result: yes
configure:18671: checking whether kernel defines uintptr_t
configure:18698: cp conftest.c build && make modules -C /usr/src/linux-headers-3.13.0-45-generic EXTRA_CFLAGS=-Werror-implicit-function-declaration   M=/home/ubuntu/zfs/spl-0.6.3/build 
configure:18701: $? = 0
configure:18703: test -s build/conftest.o
configure:18706: $? = 0
configure:18709: result: yes
configure:18729: checking whether register_sysctl_table() wants 2 args
configure:18756: cp conftest.c build && make modules -C /usr/src/linux-headers-3.13.0-45-generic EXTRA_CFLAGS=-Werror-implicit-function-declaration   M=/home/ubuntu/zfs/spl-0.6.3/build 
/home/ubuntu/zfs/spl-0.6.3/build/conftest.c: In function ‘main’:
/home/ubuntu/zfs/spl-0.6.3/build/conftest.c:40:3: error: too many arguments to function ‘register_sysctl_table’
   (void) register_sysctl_table(NULL, 0);
   ^
In file included from /home/ubuntu/zfs/spl-0.6.3/build/conftest.c:34:0:
include/linux/sysctl.h:186:26: note: declared here
 struct ctl_table_header *register_sysctl_table(struct ctl_table * table);
                          ^
make[1]: *** [/home/ubuntu/zfs/spl-0.6.3/build/conftest.o] Error 1
make: *** [_module_/home/ubuntu/zfs/spl-0.6.3/build] Error 2
configure:18759: $? = 2
configure: failed program was:
| /* confdefs.h */
| #define PACKAGE_NAME ""
| #define PACKAGE_TARNAME ""
| #define PACKAGE_VERSION ""
| #define PACKAGE_STRING ""
| #define PACKAGE_BUGREPORT ""
| #define PACKAGE_URL ""
| #define SPL_META_NAME "spl"
| #define SPL_META_VERSION "0.6.3"
| #define SPL_META_RELEASE "1"
| #define SPL_META_ALIAS "spl-0.6.3-1"
| #define PACKAGE "spl"
| #define VERSION "0.6.3"
| #define STDC_HEADERS 1
| #define HAVE_SYS_TYPES_H 1
| #define HAVE_SYS_STAT_H 1
| #define HAVE_STDLIB_H 1
| #define HAVE_STRING_H 1
| #define HAVE_MEMORY_H 1
| #define HAVE_STRINGS_H 1
| #define HAVE_INTTYPES_H 1
| #define HAVE_STDINT_H 1
| #define HAVE_UNISTD_H 1
| #define HAVE_DLFCN_H 1
| #define LT_OBJDIR ".libs/"
| #define DEBUG_LOG 1
| #define DEBUG_KMEM 1
| #define HAVE_ATOMIC64_T 1
| #define HAVE_ATOMIC64_CMPXCHG 1
| #define HAVE_ATOMIC64_XCHG 1
| #define HAVE_UINTPTR_T 1
| 
| 
| 		#include <linux/sysctl.h>
| 
| int
| main (void)
| {
| 
| 		(void) register_sysctl_table(NULL, 0);
| 
|   ;
|   return 0;
| }
| 
configure:18777: result: no
configure:18790: checking whether old 2-argument shrinker exists
configure:18823: cp conftest.c build && make modules -C /usr/src/linux-headers-3.13.0-45-generic EXTRA_CFLAGS=-Werror-implicit-function-declaration -Werror  M=/home/ubuntu/zfs/spl-0.6.3/build 
/home/ubuntu/zfs/spl-0.6.3/build/conftest.c: In function ‘main’:
/home/ubuntu/zfs/spl-0.6.3/build/conftest.c:43:4: error: unknown field ‘shrink’ specified in initializer
    .shrink = shrinker_cb,
    ^
/home/ubuntu/zfs/spl-0.6.3/build/conftest.c:43:4: error: initialization from incompatible pointer type [-Werror]
/home/ubuntu/zfs/spl-0.6.3/build/conftest.c:43:4: error: (near initialization for ‘cache_shrinker.count_objects’) [-Werror]
cc1: all warnings being treated as errors
make[1]: *** [/home/ubuntu/zfs/spl-0.6.3/build/conftest.o] Error 1
make: *** [_module_/home/ubuntu/zfs/spl-0.6.3/build] Error 2
configure:18826: $? = 2
configure: failed program was:
| /* confdefs.h */
| #define PACKAGE_NAME ""
| #define PACKAGE_TARNAME ""
| #define PACKAGE_VERSION ""
| #define PACKAGE_STRING ""
| #define PACKAGE_BUGREPORT ""
| #define PACKAGE_URL ""
| #define SPL_META_NAME "spl"
| #define SPL_META_VERSION "0.6.3"
| #define SPL_META_RELEASE "1"
| #define SPL_META_ALIAS "spl-0.6.3-1"
| #define PACKAGE "spl"
| #define VERSION "0.6.3"
| #define STDC_HEADERS 1
| #define HAVE_SYS_TYPES_H 1
| #define HAVE_SYS_STAT_H 1
| #define HAVE_STDLIB_H 1
| #define HAVE_STRING_H 1
| #define HAVE_MEMORY_H 1
| #define HAVE_STRINGS_H 1
| #define HAVE_INTTYPES_H 1
| #define HAVE_STDINT_H 1
| #define HAVE_UNISTD_H 1
| #define HAVE_DLFCN_H 1
| #define LT_OBJDIR ".libs/"
| #define DEBUG_LOG 1
| #define DEBUG_KMEM 1
| #define HAVE_ATOMIC64_T 1
| #define HAVE_ATOMIC64_CMPXCHG 1
| #define HAVE_ATOMIC64_XCHG 1
| #define HAVE_UINTPTR_T 1
| 
| 
| 		#include <linux/mm.h>
| 
| 		int shrinker_cb(int nr_to_scan, gfp_t gfp_mask);
| 
| int
| main (void)
| {
| 
| 		struct shrinker cache_shrinker = {
| 			.shrink = shrinker_cb,
| 			.seeks = DEFAULT_SEEKS,
| 		};
| 		register_shrinker(&cache_shrinker);
| 
|   ;
|   return 0;
| }
| 
configure:18844: result: no
configure:18846: checking whether old 3-argument shrinker exists
configure:18880: cp conftest.c build && make modules -C /usr/src/linux-headers-3.13.0-45-generic EXTRA_CFLAGS=-Werror-implicit-function-declaration -Werror  M=/home/ubuntu/zfs/spl-0.6.3/build 
/home/ubuntu/zfs/spl-0.6.3/build/conftest.c: In function ‘main’:
/home/ubuntu/zfs/spl-0.6.3/build/conftest.c:44:5: error: unknown field ‘shrink’ specified in initializer
     .shrink = shrinker_cb,
     ^
/home/ubuntu/zfs/spl-0.6.3/build/conftest.c:44:5: error: initialization from incompatible pointer type [-Werror]
/home/ubuntu/zfs/spl-0.6.3/build/conftest.c:44:5: error: (near initialization for ‘cache_shrinker.count_objects’) [-Werror]
cc1: all warnings being treated as errors
make[1]: *** [/home/ubuntu/zfs/spl-0.6.3/build/conftest.o] Error 1
make: *** [_module_/home/ubuntu/zfs/spl-0.6.3/build] Error 2
configure:18883: $? = 2
configure: failed program was:
| /* confdefs.h */
| #define PACKAGE_NAME ""
| #define PACKAGE_TARNAME ""
| #define PACKAGE_VERSION ""
| #define PACKAGE_STRING ""
| #define PACKAGE_BUGREPORT ""
| #define PACKAGE_URL ""
| #define SPL_META_NAME "spl"
| #define SPL_META_VERSION "0.6.3"
| #define SPL_META_RELEASE "1"
| #define SPL_META_ALIAS "spl-0.6.3-1"
| #define PACKAGE "spl"
| #define VERSION "0.6.3"
| #define STDC_HEADERS 1
| #define HAVE_SYS_TYPES_H 1
| #define HAVE_SYS_STAT_H 1
| #define HAVE_STDLIB_H 1
| #define HAVE_STRING_H 1
| #define HAVE_MEMORY_H 1
| #define HAVE_STRINGS_H 1
| #define HAVE_INTTYPES_H 1
| #define HAVE_STDINT_H 1
| #define HAVE_UNISTD_H 1
| #define HAVE_DLFCN_H 1
| #define LT_OBJDIR ".libs/"
| #define DEBUG_LOG 1
| #define DEBUG_KMEM 1
| #define HAVE_ATOMIC64_T 1
| #define HAVE_ATOMIC64_CMPXCHG 1
| #define HAVE_ATOMIC64_XCHG 1
| #define HAVE_UINTPTR_T 1
| 
| 
| 			#include <linux/mm.h>
| 
| 			int shrinker_cb(struct shrinker *, int nr_to_scan,
| 					gfp_t gfp_mask);
| 
| int
| main (void)
| {
| 
| 			struct shrinker cache_shrinker = {
| 				.shrink = shrinker_cb,
| 				.seeks = DEFAULT_SEEKS,
| 			};
| 			register_shrinker(&cache_shrinker);
| 
|   ;
|   return 0;
| }
| 
configure:18901: result: no
configure:18903: checking whether new 2-argument shrinker exists
configure:18937: cp conftest.c build && make modules -C /usr/src/linux-headers-3.13.0-45-generic EXTRA_CFLAGS=-Werror-implicit-function-declaration -Werror  M=/home/ubuntu/zfs/spl-0.6.3/build 
/home/ubuntu/zfs/spl-0.6.3/build/conftest.c: In function ‘main’:
/home/ubuntu/zfs/spl-0.6.3/build/conftest.c:44:6: error: unknown field ‘shrink’ specified in initializer
      .shrink = shrinker_cb,
      ^
/home/ubuntu/zfs/spl-0.6.3/build/conftest.c:44:6: error: initialization from incompatible pointer type [-Werror]
/home/ubuntu/zfs/spl-0.6.3/build/conftest.c:44:6: error: (near initialization for ‘cache_shrinker.count_objects’) [-Werror]
cc1: all warnings being treated as errors
make[1]: *** [/home/ubuntu/zfs/spl-0.6.3/build/conftest.o] Error 1
make: *** [_module_/home/ubuntu/zfs/spl-0.6.3/build] Error 2
configure:18940: $? = 2
configure: failed program was:
| /* confdefs.h */
| #define PACKAGE_NAME ""
| #define PACKAGE_TARNAME ""
| #define PACKAGE_VERSION ""
| #define PACKAGE_STRING ""
| #define PACKAGE_BUGREPORT ""
| #define PACKAGE_URL ""
| #define SPL_META_NAME "spl"
| #define SPL_META_VERSION "0.6.3"
| #define SPL_META_RELEASE "1"
| #define SPL_META_ALIAS "spl-0.6.3-1"
| #define PACKAGE "spl"
| #define VERSION "0.6.3"
| #define STDC_HEADERS 1
| #define HAVE_SYS_TYPES_H 1
| #define HAVE_SYS_STAT_H 1
| #define HAVE_STDLIB_H 1
| #define HAVE_STRING_H 1
| #define HAVE_MEMORY_H 1
| #define HAVE_STRINGS_H 1
| #define HAVE_INTTYPES_H 1
| #define HAVE_STDINT_H 1
| #define HAVE_UNISTD_H 1
| #define HAVE_DLFCN_H 1
| #define LT_OBJDIR ".libs/"
| #define DEBUG_LOG 1
| #define DEBUG_KMEM 1
| #define HAVE_ATOMIC64_T 1
| #define HAVE_ATOMIC64_CMPXCHG 1
| #define HAVE_ATOMIC64_XCHG 1
| #define HAVE_UINTPTR_T 1
| 
| 
| 				#include <linux/mm.h>
| 
| 				int shrinker_cb(struct shrinker *,
| 						struct shrink_control *sc);
| 
| int
| main (void)
| {
| 
| 				struct shrinker cache_shrinker = {
| 					.shrink = shrinker_cb,
| 					.seeks = DEFAULT_SEEKS,
| 				};
| 				register_shrinker(&cache_shrinker);
| 
|   ;
|   return 0;
| }
| 
configure:18958: result: no
configure:18960: checking whether ->count_objects callback exists
configure:18996: cp conftest.c build && make modules -C /usr/src/linux-headers-3.13.0-45-generic EXTRA_CFLAGS=-Werror-implicit-function-declaration -Werror  M=/home/ubuntu/zfs/spl-0.6.3/build 
WARNING: "shrinker_cb" [/home/ubuntu/zfs/spl-0.6.3/build/conftest.ko] undefined!
configure:18999: $? = 0
configure:19001: test -s build/conftest.o
configure:19004: $? = 0
configure:19007: result: yes
configure:19048: checking whether struct path used in struct nameidata
configure:19078: cp conftest.c build && make modules -C /usr/src/linux-headers-3.13.0-45-generic EXTRA_CFLAGS=-Werror-implicit-function-declaration   M=/home/ubuntu/zfs/spl-0.6.3/build 
configure:19081: $? = 0
configure:19083: test -s build/conftest.o
configure:19086: $? = 0
configure:19089: result: yes
configure:19109: checking whether task_curr() is available
configure:19137: cp conftest.c build && make modules -C /usr/src/linux-headers-3.13.0-45-generic EXTRA_CFLAGS=-Werror-implicit-function-declaration   M=/home/ubuntu/zfs/spl-0.6.3/build 
WARNING: "task_curr" [/home/ubuntu/zfs/spl-0.6.3/build/conftest.ko] undefined!
configure:19140: $? = 0
configure:19142: test -s build/conftest.o
configure:19145: $? = 0
configure:19192: result: no
configure:19207: checking whether unnumbered sysctl support exists
configure:19236: cp conftest.c build && make modules -C /usr/src/linux-headers-3.13.0-45-generic EXTRA_CFLAGS=-Werror-implicit-function-declaration   M=/home/ubuntu/zfs/spl-0.6.3/build 
/home/ubuntu/zfs/spl-0.6.3/build/conftest.c: In function ‘main’:
/home/ubuntu/zfs/spl-0.6.3/build/conftest.c:43:4: error: #error CTL_UNNUMBERED undefined
   #error CTL_UNNUMBERED undefined
    ^
make[1]: *** [/home/ubuntu/zfs/spl-0.6.3/build/conftest.o] Error 1
make: *** [_module_/home/ubuntu/zfs/spl-0.6.3/build] Error 2
configure:19239: $? = 2
configure: failed program was:
| /* confdefs.h */
| #define PACKAGE_NAME ""
| #define PACKAGE_TARNAME ""
| #define PACKAGE_VERSION ""
| #define PACKAGE_STRING ""
| #define PACKAGE_BUGREPORT ""
| #define PACKAGE_URL ""
| #define SPL_META_NAME "spl"
| #define SPL_META_VERSION "0.6.3"
| #define SPL_META_RELEASE "1"
| #define SPL_META_ALIAS "spl-0.6.3-1"
| #define PACKAGE "spl"
| #define VERSION "0.6.3"
| #define STDC_HEADERS 1
| #define HAVE_SYS_TYPES_H 1
| #define HAVE_SYS_STAT_H 1
| #define HAVE_STDLIB_H 1
| #define HAVE_STRING_H 1
| #define HAVE_MEMORY_H 1
| #define HAVE_STRINGS_H 1
| #define HAVE_INTTYPES_H 1
| #define HAVE_STDINT_H 1
| #define HAVE_UNISTD_H 1
| #define HAVE_DLFCN_H 1
| #define LT_OBJDIR ".libs/"
| #define DEBUG_LOG 1
| #define DEBUG_KMEM 1
| #define HAVE_ATOMIC64_T 1
| #define HAVE_ATOMIC64_CMPXCHG 1
| #define HAVE_ATOMIC64_XCHG 1
| #define HAVE_UINTPTR_T 1
| #define HAVE_SPLIT_SHRINKER_CALLBACK 1
| #define HAVE_PATH_IN_NAMEIDATA 1
| 
| 
| 		#include <linux/sysctl.h>
| 
| int
| main (void)
| {
| 
| 		#ifndef CTL_UNNUMBERED
| 		#error CTL_UNNUMBERED undefined
| 		#endif
| 
|   ;
|   return 0;
| }
| 
configure:19257: result: no
configure:19268: checking whether struct ctl_table has ctl_name
configure:19296: cp conftest.c build && make modules -C /usr/src/linux-headers-3.13.0-45-generic EXTRA_CFLAGS=-Werror-implicit-function-declaration   M=/home/ubuntu/zfs/spl-0.6.3/build 
/home/ubuntu/zfs/spl-0.6.3/build/conftest.c: In function ‘main’:
/home/ubuntu/zfs/spl-0.6.3/build/conftest.c:43:6: error: ‘struct ctl_table’ has no member named ‘ctl_name’
   ctl.ctl_name = 0;
      ^
make[1]: *** [/home/ubuntu/zfs/spl-0.6.3/build/conftest.o] Error 1
make: *** [_module_/home/ubuntu/zfs/spl-0.6.3/build] Error 2
configure:19299: $? = 2
configure: failed program was:
| /* confdefs.h */
| #define PACKAGE_NAME ""
| #define PACKAGE_TARNAME ""
| #define PACKAGE_VERSION ""
| #define PACKAGE_STRING ""
| #define PACKAGE_BUGREPORT ""
| #define PACKAGE_URL ""
| #define SPL_META_NAME "spl"
| #define SPL_META_VERSION "0.6.3"
| #define SPL_META_RELEASE "1"
| #define SPL_META_ALIAS "spl-0.6.3-1"
| #define PACKAGE "spl"
| #define VERSION "0.6.3"
| #define STDC_HEADERS 1
| #define HAVE_SYS_TYPES_H 1
| #define HAVE_SYS_STAT_H 1
| #define HAVE_STDLIB_H 1
| #define HAVE_STRING_H 1
| #define HAVE_MEMORY_H 1
| #define HAVE_STRINGS_H 1
| #define HAVE_INTTYPES_H 1
| #define HAVE_STDINT_H 1
| #define HAVE_UNISTD_H 1
| #define HAVE_DLFCN_H 1
| #define LT_OBJDIR ".libs/"
| #define DEBUG_LOG 1
| #define DEBUG_KMEM 1
| #define HAVE_ATOMIC64_T 1
| #define HAVE_ATOMIC64_CMPXCHG 1
| #define HAVE_ATOMIC64_XCHG 1
| #define HAVE_UINTPTR_T 1
| #define HAVE_SPLIT_SHRINKER_CALLBACK 1
| #define HAVE_PATH_IN_NAMEIDATA 1
| 
| 
| 		#include <linux/sysctl.h>
| 
| int
| main (void)
| {
| 
| 		struct ctl_table ctl __attribute__ ((unused));
| 		ctl.ctl_name = 0;
| 
|   ;
|   return 0;
| }
| 
configure:19317: result: no
configure:19328: checking whether struct vmalloc_info is declared
configure:19356: cp conftest.c build && make modules -C /usr/src/linux-headers-3.13.0-45-generic EXTRA_CFLAGS=-Werror-implicit-function-declaration   M=/home/ubuntu/zfs/spl-0.6.3/build 
/home/ubuntu/zfs/spl-0.6.3/build/conftest.c:37:10: error: redefinition of ‘struct vmalloc_info’
   struct vmalloc_info { void *a; };
          ^
In file included from /home/ubuntu/zfs/spl-0.6.3/build/conftest.c:36:0:
include/linux/vmalloc.h:177:8: note: originally defined here
 struct vmalloc_info {
        ^
make[1]: *** [/home/ubuntu/zfs/spl-0.6.3/build/conftest.o] Error 1
make: *** [_module_/home/ubuntu/zfs/spl-0.6.3/build] Error 2
configure:19359: $? = 2
configure: failed program was:
| /* confdefs.h */
| #define PACKAGE_NAME ""
| #define PACKAGE_TARNAME ""
| #define PACKAGE_VERSION ""
| #define PACKAGE_STRING ""
| #define PACKAGE_BUGREPORT ""
| #define PACKAGE_URL ""
| #define SPL_META_NAME "spl"
| #define SPL_META_VERSION "0.6.3"
| #define SPL_META_RELEASE "1"
| #define SPL_META_ALIAS "spl-0.6.3-1"
| #define PACKAGE "spl"
| #define VERSION "0.6.3"
| #define STDC_HEADERS 1
| #define HAVE_SYS_TYPES_H 1
| #define HAVE_SYS_STAT_H 1
| #define HAVE_STDLIB_H 1
| #define HAVE_STRING_H 1
| #define HAVE_MEMORY_H 1
| #define HAVE_STRINGS_H 1
| #define HAVE_INTTYPES_H 1
| #define HAVE_STDINT_H 1
| #define HAVE_UNISTD_H 1
| #define HAVE_DLFCN_H 1
| #define LT_OBJDIR ".libs/"
| #define DEBUG_LOG 1
| #define DEBUG_KMEM 1
| #define HAVE_ATOMIC64_T 1
| #define HAVE_ATOMIC64_CMPXCHG 1
| #define HAVE_ATOMIC64_XCHG 1
| #define HAVE_UINTPTR_T 1
| #define HAVE_SPLIT_SHRINKER_CALLBACK 1
| #define HAVE_PATH_IN_NAMEIDATA 1
| 
| 
| 		#include <linux/vmalloc.h>
| 		struct vmalloc_info { void *a; };
| 
| int
| main (void)
| {
| 
| 		return 0;
| 
|   ;
|   return 0;
| }
| 
configure:19374: result: yes
configure:19388: checking whether PDE_DATA() is available
configure:19416: cp conftest.c build && make modules -C /usr/src/linux-headers-3.13.0-45-generic EXTRA_CFLAGS=-Werror-implicit-function-declaration   M=/home/ubuntu/zfs/spl-0.6.3/build 
configure:19419: $? = 0
configure:19421: test -s build/conftest.o
configure:19424: $? = 0
configure:19476: result: yes
configure:19486: checking whether fls64() is available
configure:19513: cp conftest.c build && make modules -C /usr/src/linux-headers-3.13.0-45-generic EXTRA_CFLAGS=-Werror-implicit-function-declaration   M=/home/ubuntu/zfs/spl-0.6.3/build 
configure:19516: $? = 0
configure:19518: test -s build/conftest.o
configure:19521: $? = 0
configure:19524: result: yes
configure:19544: checking whether device_create() is available
configure:19577: result: yes
configure:19587: checking whether device_create() wants 5 args
configure:19616: cp conftest.c build && make modules -C /usr/src/linux-headers-3.13.0-45-generic EXTRA_CFLAGS=-Werror-implicit-function-declaration -Werror  M=/home/ubuntu/zfs/spl-0.6.3/build 
configure:19619: $? = 0
configure:19621: test -s build/conftest.o
configure:19624: $? = 0
configure:19627: result: yes
configure:19648: checking whether class_device_create() is available
configure:19676: cp conftest.c build && make modules -C /usr/src/linux-headers-3.13.0-45-generic EXTRA_CFLAGS=-Werror-implicit-function-declaration   M=/home/ubuntu/zfs/spl-0.6.3/build 
/home/ubuntu/zfs/spl-0.6.3/build/conftest.c: In function ‘main’:
/home/ubuntu/zfs/spl-0.6.3/build/conftest.c:47:3: error: implicit declaration of function ‘class_device_create’ [-Werror=implicit-function-declaration]
   class_device_create(NULL, NULL, 0, NULL, NULL);
   ^
cc1: some warnings being treated as errors
make[1]: *** [/home/ubuntu/zfs/spl-0.6.3/build/conftest.o] Error 1
make: *** [_module_/home/ubuntu/zfs/spl-0.6.3/build] Error 2
configure:19679: $? = 2
configure: failed program was:
| /* confdefs.h */
| #define PACKAGE_NAME ""
| #define PACKAGE_TARNAME ""
| #define PACKAGE_VERSION ""
| #define PACKAGE_STRING ""
| #define PACKAGE_BUGREPORT ""
| #define PACKAGE_URL ""
| #define SPL_META_NAME "spl"
| #define SPL_META_VERSION "0.6.3"
| #define SPL_META_RELEASE "1"
| #define SPL_META_ALIAS "spl-0.6.3-1"
| #define PACKAGE "spl"
| #define VERSION "0.6.3"
| #define STDC_HEADERS 1
| #define HAVE_SYS_TYPES_H 1
| #define HAVE_SYS_STAT_H 1
| #define HAVE_STDLIB_H 1
| #define HAVE_STRING_H 1
| #define HAVE_MEMORY_H 1
| #define HAVE_STRINGS_H 1
| #define HAVE_INTTYPES_H 1
| #define HAVE_STDINT_H 1
| #define HAVE_UNISTD_H 1
| #define HAVE_DLFCN_H 1
| #define LT_OBJDIR ".libs/"
| #define DEBUG_LOG 1
| #define DEBUG_KMEM 1
| #define HAVE_ATOMIC64_T 1
| #define HAVE_ATOMIC64_CMPXCHG 1
| #define HAVE_ATOMIC64_XCHG 1
| #define HAVE_UINTPTR_T 1
| #define HAVE_SPLIT_SHRINKER_CALLBACK 1
| #define HAVE_PATH_IN_NAMEIDATA 1
| #define HAVE_VMALLOC_INFO 1
| #define HAVE_PDE_DATA 1
| #define HAVE_FLS64 1
| #define HAVE_DEVICE_CREATE 1
| #define HAVE_5ARGS_DEVICE_CREATE 1
| 
| 
| 		#include <linux/device.h>
| 
| int
| main (void)
| {
| 
| 		class_device_create(NULL, NULL, 0, NULL, NULL);
| 
|   ;
|   return 0;
| }
| 
configure:19699: result: no
configure:19746: checking whether set_normalized_timespec() is available as export
configure:19774: cp conftest.c build && make modules -C /usr/src/linux-headers-3.13.0-45-generic EXTRA_CFLAGS=-Werror-implicit-function-declaration   M=/home/ubuntu/zfs/spl-0.6.3/build 
configure:19777: $? = 0
configure:19779: test -s build/conftest.o
configure:19782: $? = 0
configure:19834: result: yes
configure:19845: checking whether set_normalized_timespec() is an inline
configure:19872: cp conftest.c build && make modules -C /usr/src/linux-headers-3.13.0-45-generic EXTRA_CFLAGS=-Werror-implicit-function-declaration   M=/home/ubuntu/zfs/spl-0.6.3/build 
/home/ubuntu/zfs/spl-0.6.3/build/conftest.c:43:8: error: conflicting types for ‘set_normalized_timespec’
   void set_normalized_timespec(struct timespec *ts,
        ^
In file included from /home/ubuntu/zfs/spl-0.6.3/build/conftest.c:42:0:
include/linux/time.h:55:13: note: previous declaration of ‘set_normalized_timespec’ was here
 extern void set_normalized_timespec(struct timespec *ts, time_t sec, s64 nsec);
             ^
make[1]: *** [/home/ubuntu/zfs/spl-0.6.3/build/conftest.o] Error 1
make: *** [_module_/home/ubuntu/zfs/spl-0.6.3/build] Error 2
configure:19875: $? = 2
configure: failed program was:
| /* confdefs.h */
| #define PACKAGE_NAME ""
| #define PACKAGE_TARNAME ""
| #define PACKAGE_VERSION ""
| #define PACKAGE_STRING ""
| #define PACKAGE_BUGREPORT ""
| #define PACKAGE_URL ""
| #define SPL_META_NAME "spl"
| #define SPL_META_VERSION "0.6.3"
| #define SPL_META_RELEASE "1"
| #define SPL_META_ALIAS "spl-0.6.3-1"
| #define PACKAGE "spl"
| #define VERSION "0.6.3"
| #define STDC_HEADERS 1
| #define HAVE_SYS_TYPES_H 1
| #define HAVE_SYS_STAT_H 1
| #define HAVE_STDLIB_H 1
| #define HAVE_STRING_H 1
| #define HAVE_MEMORY_H 1
| #define HAVE_STRINGS_H 1
| #define HAVE_INTTYPES_H 1
| #define HAVE_STDINT_H 1
| #define HAVE_UNISTD_H 1
| #define HAVE_DLFCN_H 1
| #define LT_OBJDIR ".libs/"
| #define DEBUG_LOG 1
| #define DEBUG_KMEM 1
| #define HAVE_ATOMIC64_T 1
| #define HAVE_ATOMIC64_CMPXCHG 1
| #define HAVE_ATOMIC64_XCHG 1
| #define HAVE_UINTPTR_T 1
| #define HAVE_SPLIT_SHRINKER_CALLBACK 1
| #define HAVE_PATH_IN_NAMEIDATA 1
| #define HAVE_VMALLOC_INFO 1
| #define HAVE_PDE_DATA 1
| #define HAVE_FLS64 1
| #define HAVE_DEVICE_CREATE 1
| #define HAVE_5ARGS_DEVICE_CREATE 1
| #define HAVE_SET_NORMALIZED_TIMESPEC_EXPORT 1
| 
| 
| 		#include <linux/time.h>
| 		void set_normalized_timespec(struct timespec *ts,
| 		                             time_t sec, long nsec) { }
| 
| int
| main (void)
| {
| 
|   ;
|   return 0;
| }
| 
configure:19890: result: yes
configure:19904: checking whether timespec_sub() is available
configure:19934: cp conftest.c build && make modules -C /usr/src/linux-headers-3.13.0-45-generic EXTRA_CFLAGS=-Werror-implicit-function-declaration   M=/home/ubuntu/zfs/spl-0.6.3/build 
configure:19937: $? = 0
configure:19939: test -s build/conftest.o
configure:19942: $? = 0
configure:19945: result: yes
configure:19966: checking whether init_utsname() is available
configure:19994: cp conftest.c build && make modules -C /usr/src/linux-headers-3.13.0-45-generic EXTRA_CFLAGS=-Werror-implicit-function-declaration   M=/home/ubuntu/zfs/spl-0.6.3/build 
configure:19997: $? = 0
configure:19999: test -s build/conftest.o
configure:20002: $? = 0
configure:20005: result: yes
configure:20026: checking whether header linux/uaccess.h exists
configure:20053: cp conftest.c build && make modules -C /usr/src/linux-headers-3.13.0-45-generic EXTRA_CFLAGS=-Werror-implicit-function-declaration   M=/home/ubuntu/zfs/spl-0.6.3/build 
configure:20056: $? = 0
configure:20058: test -s build/conftest.o
configure:20061: $? = 0
configure:20067: result: yes
configure:20088: checking whether kmalloc_node() is available
configure:20116: cp conftest.c build && make modules -C /usr/src/linux-headers-3.13.0-45-generic EXTRA_CFLAGS=-Werror-implicit-function-declaration   M=/home/ubuntu/zfs/spl-0.6.3/build 
configure:20119: $? = 0
configure:20121: test -s build/conftest.o
configure:20124: $? = 0
configure:20127: result: yes
configure:20147: checking whether monotonic_clock() is available
configure:20175: cp conftest.c build && make modules -C /usr/src/linux-headers-3.13.0-45-generic EXTRA_CFLAGS=-Werror-implicit-function-declaration   M=/home/ubuntu/zfs/spl-0.6.3/build 
/home/ubuntu/zfs/spl-0.6.3/build/conftest.c: In function ‘main’:
/home/ubuntu/zfs/spl-0.6.3/build/conftest.c:53:3: error: implicit declaration of function ‘monotonic_clock’ [-Werror=implicit-function-declaration]
   monotonic_clock();
   ^
cc1: some warnings being treated as errors
make[1]: *** [/home/ubuntu/zfs/spl-0.6.3/build/conftest.o] Error 1
make: *** [_module_/home/ubuntu/zfs/spl-0.6.3/build] Error 2
configure:20178: $? = 2
configure: failed program was:
| /* confdefs.h */
| #define PACKAGE_NAME ""
| #define PACKAGE_TARNAME ""
| #define PACKAGE_VERSION ""
| #define PACKAGE_STRING ""
| #define PACKAGE_BUGREPORT ""
| #define PACKAGE_URL ""
| #define SPL_META_NAME "spl"
| #define SPL_META_VERSION "0.6.3"
| #define SPL_META_RELEASE "1"
| #define SPL_META_ALIAS "spl-0.6.3-1"
| #define PACKAGE "spl"
| #define VERSION "0.6.3"
| #define STDC_HEADERS 1
| #define HAVE_SYS_TYPES_H 1
| #define HAVE_SYS_STAT_H 1
| #define HAVE_STDLIB_H 1
| #define HAVE_STRING_H 1
| #define HAVE_MEMORY_H 1
| #define HAVE_STRINGS_H 1
| #define HAVE_INTTYPES_H 1
| #define HAVE_STDINT_H 1
| #define HAVE_UNISTD_H 1
| #define HAVE_DLFCN_H 1
| #define LT_OBJDIR ".libs/"
| #define DEBUG_LOG 1
| #define DEBUG_KMEM 1
| #define HAVE_ATOMIC64_T 1
| #define HAVE_ATOMIC64_CMPXCHG 1
| #define HAVE_ATOMIC64_XCHG 1
| #define HAVE_UINTPTR_T 1
| #define HAVE_SPLIT_SHRINKER_CALLBACK 1
| #define HAVE_PATH_IN_NAMEIDATA 1
| #define HAVE_VMALLOC_INFO 1
| #define HAVE_PDE_DATA 1
| #define HAVE_FLS64 1
| #define HAVE_DEVICE_CREATE 1
| #define HAVE_5ARGS_DEVICE_CREATE 1
| #define HAVE_SET_NORMALIZED_TIMESPEC_EXPORT 1
| #define HAVE_SET_NORMALIZED_TIMESPEC_INLINE 1
| #define HAVE_TIMESPEC_SUB 1
| #define HAVE_INIT_UTSNAME 1
| #define HAVE_UACCESS_HEADER 1
| #define HAVE_KMALLOC_NODE 1
| 
| 
| 		#include <linux/timex.h>
| 
| int
| main (void)
| {
| 
| 		monotonic_clock();
| 
|   ;
|   return 0;
| }
| 
configure:20198: result: no
configure:20246: checking whether struct inode has i_mutex
configure:20275: cp conftest.c build && make modules -C /usr/src/linux-headers-3.13.0-45-generic EXTRA_CFLAGS=-Werror-implicit-function-declaration   M=/home/ubuntu/zfs/spl-0.6.3/build 
configure:20278: $? = 0
configure:20280: test -s build/conftest.o
configure:20283: $? = 0
configure:20286: result: yes
configure:20307: checking whether struct mutex has owner
configure:20335: cp conftest.c build && make modules -C /usr/src/linux-headers-3.13.0-45-generic EXTRA_CFLAGS=-Werror-implicit-function-declaration   M=/home/ubuntu/zfs/spl-0.6.3/build 
configure:20338: $? = 0
configure:20340: test -s build/conftest.o
configure:20343: $? = 0
configure:20346: result: yes
configure:20367: checking whether struct mutex owner is a task_struct
configure:20398: cp conftest.c build && make modules -C /usr/src/linux-headers-3.13.0-45-generic EXTRA_CFLAGS=-Werror-implicit-function-declaration -Werror  M=/home/ubuntu/zfs/spl-0.6.3/build 
configure:20401: $? = 0
configure:20403: test -s build/conftest.o
configure:20406: $? = 0
configure:20409: result: yes
configure:20431: checking whether mutex_lock_nested() is available
configure:20460: cp conftest.c build && make modules -C /usr/src/linux-headers-3.13.0-45-generic EXTRA_CFLAGS=-Werror-implicit-function-declaration   M=/home/ubuntu/zfs/spl-0.6.3/build 
configure:20463: $? = 0
configure:20465: test -s build/conftest.o
configure:20468: $? = 0
configure:20471: result: yes
configure:20492: checking whether on_each_cpu() wants 3 args
configure:20522: cp conftest.c build && make modules -C /usr/src/linux-headers-3.13.0-45-generic EXTRA_CFLAGS=-Werror-implicit-function-declaration   M=/home/ubuntu/zfs/spl-0.6.3/build 
configure:20525: $? = 0
configure:20527: test -s build/conftest.o
configure:20530: $? = 0
configure:20533: result: yes
configure:20553: checking whether kallsyms_lookup_name() is available
configure:20581: cp conftest.c build && make modules -C /usr/src/linux-headers-3.13.0-45-generic EXTRA_CFLAGS=-Werror-implicit-function-declaration   M=/home/ubuntu/zfs/spl-0.6.3/build 
configure:20584: $? = 0
configure:20586: test -s build/conftest.o
configure:20589: $? = 0
configure:20641: result: yes
configure:20651: checking whether get_vmalloc_info() is available
configure:20670: result: no
configure:20694: checking whether symbol *_pgdat exist
configure:20699: result: yes
configure:20709: checking whether first_online_pgdat() is available
configure:20737: cp conftest.c build && make modules -C /usr/src/linux-headers-3.13.0-45-generic EXTRA_CFLAGS=-Werror-implicit-function-declaration   M=/home/ubuntu/zfs/spl-0.6.3/build 
WARNING: "first_online_pgdat" [/home/ubuntu/zfs/spl-0.6.3/build/conftest.ko] undefined!
configure:20740: $? = 0
configure:20742: test -s build/conftest.o
configure:20745: $? = 0
configure:20792: result: no
configure:20807: checking whether next_online_pgdat() is available
configure:20835: cp conftest.c build && make modules -C /usr/src/linux-headers-3.13.0-45-generic EXTRA_CFLAGS=-Werror-implicit-function-declaration   M=/home/ubuntu/zfs/spl-0.6.3/build 
WARNING: "next_online_pgdat" [/home/ubuntu/zfs/spl-0.6.3/build/conftest.ko] undefined!
configure:20838: $? = 0
configure:20840: test -s build/conftest.o
configure:20843: $? = 0
configure:20890: result: no
configure:20905: checking whether next_zone() is available
configure:20933: cp conftest.c build && make modules -C /usr/src/linux-headers-3.13.0-45-generic EXTRA_CFLAGS=-Werror-implicit-function-declaration   M=/home/ubuntu/zfs/spl-0.6.3/build 
WARNING: "next_zone" [/home/ubuntu/zfs/spl-0.6.3/build/conftest.ko] undefined!
configure:20936: $? = 0
configure:20938: test -s build/conftest.o
configure:20941: $? = 0
configure:20988: result: no
configure:21003: checking whether pgdat_list is available
configure:21030: cp conftest.c build && make modules -C /usr/src/linux-headers-3.13.0-45-generic EXTRA_CFLAGS=-Werror-implicit-function-declaration   M=/home/ubuntu/zfs/spl-0.6.3/build 
/home/ubuntu/zfs/spl-0.6.3/build/conftest.c:55:20: error: ‘pgdat_list’ undeclared here (not in a function)
   pg_data_t *tmp = pgdat_list;
                    ^
make[1]: *** [/home/ubuntu/zfs/spl-0.6.3/build/conftest.o] Error 1
make: *** [_module_/home/ubuntu/zfs/spl-0.6.3/build] Error 2
configure:21033: $? = 2
configure: failed program was:
| /* confdefs.h */
| #define PACKAGE_NAME ""
| #define PACKAGE_TARNAME ""
| #define PACKAGE_VERSION ""
| #define PACKAGE_STRING ""
| #define PACKAGE_BUGREPORT ""
| #define PACKAGE_URL ""
| #define SPL_META_NAME "spl"
| #define SPL_META_VERSION "0.6.3"
| #define SPL_META_RELEASE "1"
| #define SPL_META_ALIAS "spl-0.6.3-1"
| #define PACKAGE "spl"
| #define VERSION "0.6.3"
| #define STDC_HEADERS 1
| #define HAVE_SYS_TYPES_H 1
| #define HAVE_SYS_STAT_H 1
| #define HAVE_STDLIB_H 1
| #define HAVE_STRING_H 1
| #define HAVE_MEMORY_H 1
| #define HAVE_STRINGS_H 1
| #define HAVE_INTTYPES_H 1
| #define HAVE_STDINT_H 1
| #define HAVE_UNISTD_H 1
| #define HAVE_DLFCN_H 1
| #define LT_OBJDIR ".libs/"
| #define DEBUG_LOG 1
| #define DEBUG_KMEM 1
| #define HAVE_ATOMIC64_T 1
| #define HAVE_ATOMIC64_CMPXCHG 1
| #define HAVE_ATOMIC64_XCHG 1
| #define HAVE_UINTPTR_T 1
| #define HAVE_SPLIT_SHRINKER_CALLBACK 1
| #define HAVE_PATH_IN_NAMEIDATA 1
| #define HAVE_VMALLOC_INFO 1
| #define HAVE_PDE_DATA 1
| #define HAVE_FLS64 1
| #define HAVE_DEVICE_CREATE 1
| #define HAVE_5ARGS_DEVICE_CREATE 1
| #define HAVE_SET_NORMALIZED_TIMESPEC_EXPORT 1
| #define HAVE_SET_NORMALIZED_TIMESPEC_INLINE 1
| #define HAVE_TIMESPEC_SUB 1
| #define HAVE_INIT_UTSNAME 1
| #define HAVE_UACCESS_HEADER 1
| #define HAVE_KMALLOC_NODE 1
| #define HAVE_INODE_I_MUTEX 1
| #define HAVE_MUTEX_OWNER 1
| #define HAVE_MUTEX_OWNER_TASK_STRUCT 1
| #define HAVE_MUTEX_LOCK_NESTED 1
| #define HAVE_3ARGS_ON_EACH_CPU 1
| #define HAVE_KALLSYMS_LOOKUP_NAME 1
| #define HAVE_PGDAT_HELPERS 1
| 
| 
| 		#include <linux/topology.h>
| 		pg_data_t *tmp = pgdat_list;
| 
| int
| main (void)
| {
| 
|   ;
|   return 0;
| }
| 
configure:21053: result: no
configure:21101: checking whether global_page_state() is available
configure:21129: cp conftest.c build && make modules -C /usr/src/linux-headers-3.13.0-45-generic EXTRA_CFLAGS=-Werror-implicit-function-declaration   M=/home/ubuntu/zfs/spl-0.6.3/build 
configure:21132: $? = 0
configure:21134: test -s build/conftest.o
configure:21137: $? = 0
configure:21140: result: yes
configure:21161: checking whether page state NR_FREE_PAGES is available
configure:21189: cp conftest.c build && make modules -C /usr/src/linux-headers-3.13.0-45-generic EXTRA_CFLAGS=-Werror-implicit-function-declaration   M=/home/ubuntu/zfs/spl-0.6.3/build 
configure:21192: $? = 0
configure:21194: test -s build/conftest.o
configure:21197: $? = 0
configure:21200: result: yes
configure:21221: checking whether page state NR_INACTIVE is available
configure:21249: cp conftest.c build && make modules -C /usr/src/linux-headers-3.13.0-45-generic EXTRA_CFLAGS=-Werror-implicit-function-declaration   M=/home/ubuntu/zfs/spl-0.6.3/build 
/home/ubuntu/zfs/spl-0.6.3/build/conftest.c: In function ‘main’:
/home/ubuntu/zfs/spl-0.6.3/build/conftest.c:63:9: error: ‘NR_INACTIVE’ undeclared (first use in this function)
   zsi = NR_INACTIVE;
         ^
/home/ubuntu/zfs/spl-0.6.3/build/conftest.c:63:9: note: each undeclared identifier is reported only once for each function it appears in
make[1]: *** [/home/ubuntu/zfs/spl-0.6.3/build/conftest.o] Error 1
make: *** [_module_/home/ubuntu/zfs/spl-0.6.3/build] Error 2
configure:21252: $? = 2
configure: failed program was:
| /* confdefs.h */
| #define PACKAGE_NAME ""
| #define PACKAGE_TARNAME ""
| #define PACKAGE_VERSION ""
| #define PACKAGE_STRING ""
| #define PACKAGE_BUGREPORT ""
| #define PACKAGE_URL ""
| #define SPL_META_NAME "spl"
| #define SPL_META_VERSION "0.6.3"
| #define SPL_META_RELEASE "1"
| #define SPL_META_ALIAS "spl-0.6.3-1"
| #define PACKAGE "spl"
| #define VERSION "0.6.3"
| #define STDC_HEADERS 1
| #define HAVE_SYS_TYPES_H 1
| #define HAVE_SYS_STAT_H 1
| #define HAVE_STDLIB_H 1
| #define HAVE_STRING_H 1
| #define HAVE_MEMORY_H 1
| #define HAVE_STRINGS_H 1
| #define HAVE_INTTYPES_H 1
| #define HAVE_STDINT_H 1
| #define HAVE_UNISTD_H 1
| #define HAVE_DLFCN_H 1
| #define LT_OBJDIR ".libs/"
| #define DEBUG_LOG 1
| #define DEBUG_KMEM 1
| #define HAVE_ATOMIC64_T 1
| #define HAVE_ATOMIC64_CMPXCHG 1
| #define HAVE_ATOMIC64_XCHG 1
| #define HAVE_UINTPTR_T 1
| #define HAVE_SPLIT_SHRINKER_CALLBACK 1
| #define HAVE_PATH_IN_NAMEIDATA 1
| #define HAVE_VMALLOC_INFO 1
| #define HAVE_PDE_DATA 1
| #define HAVE_FLS64 1
| #define HAVE_DEVICE_CREATE 1
| #define HAVE_5ARGS_DEVICE_CREATE 1
| #define HAVE_SET_NORMALIZED_TIMESPEC_EXPORT 1
| #define HAVE_SET_NORMALIZED_TIMESPEC_INLINE 1
| #define HAVE_TIMESPEC_SUB 1
| #define HAVE_INIT_UTSNAME 1
| #define HAVE_UACCESS_HEADER 1
| #define HAVE_KMALLOC_NODE 1
| #define HAVE_INODE_I_MUTEX 1
| #define HAVE_MUTEX_OWNER 1
| #define HAVE_MUTEX_OWNER_TASK_STRUCT 1
| #define HAVE_MUTEX_LOCK_NESTED 1
| #define HAVE_3ARGS_ON_EACH_CPU 1
| #define HAVE_KALLSYMS_LOOKUP_NAME 1
| #define HAVE_PGDAT_HELPERS 1
| #define HAVE_GLOBAL_PAGE_STATE 1
| #define HAVE_ZONE_STAT_ITEM_NR_FREE_PAGES 1
| 
| 
| 		#include <linux/mm.h>
| 
| int
| main (void)
| {
| 
| 		enum zone_stat_item zsi __attribute__ ((unused));
| 		zsi = NR_INACTIVE;
| 
|   ;
|   return 0;
| }
| 
configure:21270: result: no
configure:21280: checking whether page state NR_INACTIVE_ANON is available
configure:21308: cp conftest.c build && make modules -C /usr/src/linux-headers-3.13.0-45-generic EXTRA_CFLAGS=-Werror-implicit-function-declaration   M=/home/ubuntu/zfs/spl-0.6.3/build 
configure:21311: $? = 0
configure:21313: test -s build/conftest.o
configure:21316: $? = 0
configure:21319: result: yes
configure:21339: checking whether page state NR_INACTIVE_FILE is available
configure:21367: cp conftest.c build && make modules -C /usr/src/linux-headers-3.13.0-45-generic EXTRA_CFLAGS=-Werror-implicit-function-declaration   M=/home/ubuntu/zfs/spl-0.6.3/build 
configure:21370: $? = 0
configure:21372: test -s build/conftest.o
configure:21375: $? = 0
configure:21378: result: yes
configure:21399: checking whether page state NR_ACTIVE is available
configure:21427: cp conftest.c build && make modules -C /usr/src/linux-headers-3.13.0-45-generic EXTRA_CFLAGS=-Werror-implicit-function-declaration   M=/home/ubuntu/zfs/spl-0.6.3/build 
/home/ubuntu/zfs/spl-0.6.3/build/conftest.c: In function ‘main’:
/home/ubuntu/zfs/spl-0.6.3/build/conftest.c:65:9: error: ‘NR_ACTIVE’ undeclared (first use in this function)
   zsi = NR_ACTIVE;
         ^
/home/ubuntu/zfs/spl-0.6.3/build/conftest.c:65:9: note: each undeclared identifier is reported only once for each function it appears in
make[1]: *** [/home/ubuntu/zfs/spl-0.6.3/build/conftest.o] Error 1
make: *** [_module_/home/ubuntu/zfs/spl-0.6.3/build] Error 2
configure:21430: $? = 2
configure: failed program was:
| /* confdefs.h */
| #define PACKAGE_NAME ""
| #define PACKAGE_TARNAME ""
| #define PACKAGE_VERSION ""
| #define PACKAGE_STRING ""
| #define PACKAGE_BUGREPORT ""
| #define PACKAGE_URL ""
| #define SPL_META_NAME "spl"
| #define SPL_META_VERSION "0.6.3"
| #define SPL_META_RELEASE "1"
| #define SPL_META_ALIAS "spl-0.6.3-1"
| #define PACKAGE "spl"
| #define VERSION "0.6.3"
| #define STDC_HEADERS 1
| #define HAVE_SYS_TYPES_H 1
| #define HAVE_SYS_STAT_H 1
| #define HAVE_STDLIB_H 1
| #define HAVE_STRING_H 1
| #define HAVE_MEMORY_H 1
| #define HAVE_STRINGS_H 1
| #define HAVE_INTTYPES_H 1
| #define HAVE_STDINT_H 1
| #define HAVE_UNISTD_H 1
| #define HAVE_DLFCN_H 1
| #define LT_OBJDIR ".libs/"
| #define DEBUG_LOG 1
| #define DEBUG_KMEM 1
| #define HAVE_ATOMIC64_T 1
| #define HAVE_ATOMIC64_CMPXCHG 1
| #define HAVE_ATOMIC64_XCHG 1
| #define HAVE_UINTPTR_T 1
| #define HAVE_SPLIT_SHRINKER_CALLBACK 1
| #define HAVE_PATH_IN_NAMEIDATA 1
| #define HAVE_VMALLOC_INFO 1
| #define HAVE_PDE_DATA 1
| #define HAVE_FLS64 1
| #define HAVE_DEVICE_CREATE 1
| #define HAVE_5ARGS_DEVICE_CREATE 1
| #define HAVE_SET_NORMALIZED_TIMESPEC_EXPORT 1
| #define HAVE_SET_NORMALIZED_TIMESPEC_INLINE 1
| #define HAVE_TIMESPEC_SUB 1
| #define HAVE_INIT_UTSNAME 1
| #define HAVE_UACCESS_HEADER 1
| #define HAVE_KMALLOC_NODE 1
| #define HAVE_INODE_I_MUTEX 1
| #define HAVE_MUTEX_OWNER 1
| #define HAVE_MUTEX_OWNER_TASK_STRUCT 1
| #define HAVE_MUTEX_LOCK_NESTED 1
| #define HAVE_3ARGS_ON_EACH_CPU 1
| #define HAVE_KALLSYMS_LOOKUP_NAME 1
| #define HAVE_PGDAT_HELPERS 1
| #define HAVE_GLOBAL_PAGE_STATE 1
| #define HAVE_ZONE_STAT_ITEM_NR_FREE_PAGES 1
| #define HAVE_ZONE_STAT_ITEM_NR_INACTIVE_ANON 1
| #define HAVE_ZONE_STAT_ITEM_NR_INACTIVE_FILE 1
| 
| 
| 		#include <linux/mm.h>
| 
| int
| main (void)
| {
| 
| 		enum zone_stat_item zsi __attribute__ ((unused));
| 		zsi = NR_ACTIVE;
| 
|   ;
|   return 0;
| }
| 
configure:21448: result: no
configure:21458: checking whether page state NR_ACTIVE_ANON is available
configure:21486: cp conftest.c build && make modules -C /usr/src/linux-headers-3.13.0-45-generic EXTRA_CFLAGS=-Werror-implicit-function-declaration   M=/home/ubuntu/zfs/spl-0.6.3/build 
configure:21489: $? = 0
configure:21491: test -s build/conftest.o
configure:21494: $? = 0
configure:21497: result: yes
configure:21517: checking whether page state NR_ACTIVE_FILE is available
configure:21545: cp conftest.c build && make modules -C /usr/src/linux-headers-3.13.0-45-generic EXTRA_CFLAGS=-Werror-implicit-function-declaration   M=/home/ubuntu/zfs/spl-0.6.3/build 
configure:21548: $? = 0
configure:21550: test -s build/conftest.o
configure:21553: $? = 0
configure:21556: result: yes
configure:21577: checking whether symbol get_zone_counts is needed
configure:21617: cp conftest.c build && make modules -C /usr/src/linux-headers-3.13.0-45-generic EXTRA_CFLAGS=-Werror-implicit-function-declaration   M=/home/ubuntu/zfs/spl-0.6.3/build 
configure:21620: $? = 0
configure:21622: test -s build/conftest.o
configure:21625: $? = 0
configure:21628: result: no
configure:21746: checking whether user_path_dir() is available
configure:21775: cp conftest.c build && make modules -C /usr/src/linux-headers-3.13.0-45-generic EXTRA_CFLAGS=-Werror-implicit-function-declaration   M=/home/ubuntu/zfs/spl-0.6.3/build 
configure:21778: $? = 0
configure:21780: test -s build/conftest.o
configure:21783: $? = 0
configure:21835: result: yes
configure:21845: checking whether set_fs_pwd() is available
configure:21874: cp conftest.c build && make modules -C /usr/src/linux-headers-3.13.0-45-generic EXTRA_CFLAGS=-Werror-implicit-function-declaration   M=/home/ubuntu/zfs/spl-0.6.3/build 
configure:21877: $? = 0
configure:21879: test -s build/conftest.o
configure:21882: $? = 0
configure:21929: result: no
configure:21946: checking whether set_fs_pwd() requires const struct path *
configure:21978: cp conftest.c build && make modules -C /usr/src/linux-headers-3.13.0-45-generic EXTRA_CFLAGS=-Werror-implicit-function-declaration -Werror  M=/home/ubuntu/zfs/spl-0.6.3/build 
WARNING: "set_fs_pwd" [/home/ubuntu/zfs/spl-0.6.3/build/conftest.ko] undefined!
configure:21981: $? = 0
configure:21983: test -s build/conftest.o
configure:21986: $? = 0
configure:21989: result: yes
configure:22064: checking whether vfs_unlink() wants 2 args
configure:22091: cp conftest.c build && make modules -C /usr/src/linux-headers-3.13.0-45-generic EXTRA_CFLAGS=-Werror-implicit-function-declaration   M=/home/ubuntu/zfs/spl-0.6.3/build 
/home/ubuntu/zfs/spl-0.6.3/build/conftest.c: In function ‘main’:
/home/ubuntu/zfs/spl-0.6.3/build/conftest.c:68:45: error: too few arguments to function ‘vfs_unlink’
   vfs_unlink((struct inode *) NULL, (struct dentry *) NULL);
                                             ^
In file included from /home/ubuntu/zfs/spl-0.6.3/build/conftest.c:62:0:
include/linux/fs.h:1469:12: note: declared here
 extern int vfs_unlink(struct inode *, struct dentry *, struct inode **);
            ^
make[1]: *** [/home/ubuntu/zfs/spl-0.6.3/build/conftest.o] Error 1
make: *** [_module_/home/ubuntu/zfs/spl-0.6.3/build] Error 2
configure:22094: $? = 2
configure: failed program was:
| /* confdefs.h */
| #define PACKAGE_NAME ""
| #define PACKAGE_TARNAME ""
| #define PACKAGE_VERSION ""
| #define PACKAGE_STRING ""
| #define PACKAGE_BUGREPORT ""
| #define PACKAGE_URL ""
| #define SPL_META_NAME "spl"
| #define SPL_META_VERSION "0.6.3"
| #define SPL_META_RELEASE "1"
| #define SPL_META_ALIAS "spl-0.6.3-1"
| #define PACKAGE "spl"
| #define VERSION "0.6.3"
| #define STDC_HEADERS 1
| #define HAVE_SYS_TYPES_H 1
| #define HAVE_SYS_STAT_H 1
| #define HAVE_STDLIB_H 1
| #define HAVE_STRING_H 1
| #define HAVE_MEMORY_H 1
| #define HAVE_STRINGS_H 1
| #define HAVE_INTTYPES_H 1
| #define HAVE_STDINT_H 1
| #define HAVE_UNISTD_H 1
| #define HAVE_DLFCN_H 1
| #define LT_OBJDIR ".libs/"
| #define DEBUG_LOG 1
| #define DEBUG_KMEM 1
| #define HAVE_ATOMIC64_T 1
| #define HAVE_ATOMIC64_CMPXCHG 1
| #define HAVE_ATOMIC64_XCHG 1
| #define HAVE_UINTPTR_T 1
| #define HAVE_SPLIT_SHRINKER_CALLBACK 1
| #define HAVE_PATH_IN_NAMEIDATA 1
| #define HAVE_VMALLOC_INFO 1
| #define HAVE_PDE_DATA 1
| #define HAVE_FLS64 1
| #define HAVE_DEVICE_CREATE 1
| #define HAVE_5ARGS_DEVICE_CREATE 1
| #define HAVE_SET_NORMALIZED_TIMESPEC_EXPORT 1
| #define HAVE_SET_NORMALIZED_TIMESPEC_INLINE 1
| #define HAVE_TIMESPEC_SUB 1
| #define HAVE_INIT_UTSNAME 1
| #define HAVE_UACCESS_HEADER 1
| #define HAVE_KMALLOC_NODE 1
| #define HAVE_INODE_I_MUTEX 1
| #define HAVE_MUTEX_OWNER 1
| #define HAVE_MUTEX_OWNER_TASK_STRUCT 1
| #define HAVE_MUTEX_LOCK_NESTED 1
| #define HAVE_3ARGS_ON_EACH_CPU 1
| #define HAVE_KALLSYMS_LOOKUP_NAME 1
| #define HAVE_PGDAT_HELPERS 1
| #define HAVE_GLOBAL_PAGE_STATE 1
| #define HAVE_ZONE_STAT_ITEM_NR_FREE_PAGES 1
| #define HAVE_ZONE_STAT_ITEM_NR_INACTIVE_ANON 1
| #define HAVE_ZONE_STAT_ITEM_NR_INACTIVE_FILE 1
| #define HAVE_ZONE_STAT_ITEM_NR_ACTIVE_ANON 1
| #define HAVE_ZONE_STAT_ITEM_NR_ACTIVE_FILE 1
| #define HAVE_USER_PATH_DIR 1
| #define HAVE_SET_FS_PWD_WITH_CONST 1
| 
| 
| 		#include <linux/fs.h>
| 
| int
| main (void)
| {
| 
| 		vfs_unlink((struct inode *) NULL, (struct dentry *) NULL);
| 
|   ;
|   return 0;
| }
| 
configure:22112: result: no
configure:22114: checking whether vfs_unlink() wants 3 args
configure:22143: cp conftest.c build && make modules -C /usr/src/linux-headers-3.13.0-45-generic EXTRA_CFLAGS=-Werror-implicit-function-declaration   M=/home/ubuntu/zfs/spl-0.6.3/build 
configure:22146: $? = 0
configure:22148: test -s build/conftest.o
configure:22151: $? = 0
configure:22154: result: yes
configure:22181: checking whether vfs_rename() wants 4 args
configure:22209: cp conftest.c build && make modules -C /usr/src/linux-headers-3.13.0-45-generic EXTRA_CFLAGS=-Werror-implicit-function-declaration   M=/home/ubuntu/zfs/spl-0.6.3/build 
/home/ubuntu/zfs/spl-0.6.3/build/conftest.c: In function ‘main’:
/home/ubuntu/zfs/spl-0.6.3/build/conftest.c:70:35: error: too few arguments to function ‘vfs_rename’
    (struct inode *) NULL, (struct dentry *) NULL);
                                   ^
In file included from /home/ubuntu/zfs/spl-0.6.3/build/conftest.c:63:0:
include/linux/fs.h:1470:12: note: declared here
 extern int vfs_rename(struct inode *, struct dentry *, struct inode *, struct dentry *, struct inode **);
            ^
make[1]: *** [/home/ubuntu/zfs/spl-0.6.3/build/conftest.o] Error 1
make: *** [_module_/home/ubuntu/zfs/spl-0.6.3/build] Error 2
configure:22212: $? = 2
configure: failed program was:
| /* confdefs.h */
| #define PACKAGE_NAME ""
| #define PACKAGE_TARNAME ""
| #define PACKAGE_VERSION ""
| #define PACKAGE_STRING ""
| #define PACKAGE_BUGREPORT ""
| #define PACKAGE_URL ""
| #define SPL_META_NAME "spl"
| #define SPL_META_VERSION "0.6.3"
| #define SPL_META_RELEASE "1"
| #define SPL_META_ALIAS "spl-0.6.3-1"
| #define PACKAGE "spl"
| #define VERSION "0.6.3"
| #define STDC_HEADERS 1
| #define HAVE_SYS_TYPES_H 1
| #define HAVE_SYS_STAT_H 1
| #define HAVE_STDLIB_H 1
| #define HAVE_STRING_H 1
| #define HAVE_MEMORY_H 1
| #define HAVE_STRINGS_H 1
| #define HAVE_INTTYPES_H 1
| #define HAVE_STDINT_H 1
| #define HAVE_UNISTD_H 1
| #define HAVE_DLFCN_H 1
| #define LT_OBJDIR ".libs/"
| #define DEBUG_LOG 1
| #define DEBUG_KMEM 1
| #define HAVE_ATOMIC64_T 1
| #define HAVE_ATOMIC64_CMPXCHG 1
| #define HAVE_ATOMIC64_XCHG 1
| #define HAVE_UINTPTR_T 1
| #define HAVE_SPLIT_SHRINKER_CALLBACK 1
| #define HAVE_PATH_IN_NAMEIDATA 1
| #define HAVE_VMALLOC_INFO 1
| #define HAVE_PDE_DATA 1
| #define HAVE_FLS64 1
| #define HAVE_DEVICE_CREATE 1
| #define HAVE_5ARGS_DEVICE_CREATE 1
| #define HAVE_SET_NORMALIZED_TIMESPEC_EXPORT 1
| #define HAVE_SET_NORMALIZED_TIMESPEC_INLINE 1
| #define HAVE_TIMESPEC_SUB 1
| #define HAVE_INIT_UTSNAME 1
| #define HAVE_UACCESS_HEADER 1
| #define HAVE_KMALLOC_NODE 1
| #define HAVE_INODE_I_MUTEX 1
| #define HAVE_MUTEX_OWNER 1
| #define HAVE_MUTEX_OWNER_TASK_STRUCT 1
| #define HAVE_MUTEX_LOCK_NESTED 1
| #define HAVE_3ARGS_ON_EACH_CPU 1
| #define HAVE_KALLSYMS_LOOKUP_NAME 1
| #define HAVE_PGDAT_HELPERS 1
| #define HAVE_GLOBAL_PAGE_STATE 1
| #define HAVE_ZONE_STAT_ITEM_NR_FREE_PAGES 1
| #define HAVE_ZONE_STAT_ITEM_NR_INACTIVE_ANON 1
| #define HAVE_ZONE_STAT_ITEM_NR_INACTIVE_FILE 1
| #define HAVE_ZONE_STAT_ITEM_NR_ACTIVE_ANON 1
| #define HAVE_ZONE_STAT_ITEM_NR_ACTIVE_FILE 1
| #define HAVE_USER_PATH_DIR 1
| #define HAVE_SET_FS_PWD_WITH_CONST 1
| #define HAVE_3ARGS_VFS_UNLINK 1
| 
| 
| 		#include <linux/fs.h>
| 
| int
| main (void)
| {
| 
| 		vfs_rename((struct inode *) NULL, (struct dentry *) NULL,
| 			(struct inode *) NULL, (struct dentry *) NULL);
| 
|   ;
|   return 0;
| }
| 
configure:22230: result: no
configure:22232: checking whether vfs_rename() wants 5 args
configure:22263: cp conftest.c build && make modules -C /usr/src/linux-headers-3.13.0-45-generic EXTRA_CFLAGS=-Werror-implicit-function-declaration   M=/home/ubuntu/zfs/spl-0.6.3/build 
configure:22266: $? = 0
configure:22268: test -s build/conftest.o
configure:22271: $? = 0
configure:22274: result: yes
configure:22362: checking whether vfs_fsync() is available
configure:22390: cp conftest.c build && make modules -C /usr/src/linux-headers-3.13.0-45-generic EXTRA_CFLAGS=-Werror-implicit-function-declaration   M=/home/ubuntu/zfs/spl-0.6.3/build 
configure:22393: $? = 0
configure:22395: test -s build/conftest.o
configure:22398: $? = 0
configure:22450: result: yes
configure:22461: checking whether vfs_fsync() wants 2 args
configure:22488: cp conftest.c build && make modules -C /usr/src/linux-headers-3.13.0-45-generic EXTRA_CFLAGS=-Werror-implicit-function-declaration   M=/home/ubuntu/zfs/spl-0.6.3/build 
configure:22491: $? = 0
configure:22493: test -s build/conftest.o
configure:22496: $? = 0
configure:22499: result: yes
configure:22520: checking whether truncate_range() inode operation is available
configure:22548: cp conftest.c build && make modules -C /usr/src/linux-headers-3.13.0-45-generic EXTRA_CFLAGS=-Werror-implicit-function-declaration   M=/home/ubuntu/zfs/spl-0.6.3/build 
/home/ubuntu/zfs/spl-0.6.3/build/conftest.c: In function ‘main’:
/home/ubuntu/zfs/spl-0.6.3/build/conftest.c:73:6: error: ‘struct inode_operations’ has no member named ‘truncate_range’
   ops.truncate_range = NULL;
      ^
make[1]: *** [/home/ubuntu/zfs/spl-0.6.3/build/conftest.o] Error 1
make: *** [_module_/home/ubuntu/zfs/spl-0.6.3/build] Error 2
configure:22551: $? = 2
configure: failed program was:
| /* confdefs.h */
| #define PACKAGE_NAME ""
| #define PACKAGE_TARNAME ""
| #define PACKAGE_VERSION ""
| #define PACKAGE_STRING ""
| #define PACKAGE_BUGREPORT ""
| #define PACKAGE_URL ""
| #define SPL_META_NAME "spl"
| #define SPL_META_VERSION "0.6.3"
| #define SPL_META_RELEASE "1"
| #define SPL_META_ALIAS "spl-0.6.3-1"
| #define PACKAGE "spl"
| #define VERSION "0.6.3"
| #define STDC_HEADERS 1
| #define HAVE_SYS_TYPES_H 1
| #define HAVE_SYS_STAT_H 1
| #define HAVE_STDLIB_H 1
| #define HAVE_STRING_H 1
| #define HAVE_MEMORY_H 1
| #define HAVE_STRINGS_H 1
| #define HAVE_INTTYPES_H 1
| #define HAVE_STDINT_H 1
| #define HAVE_UNISTD_H 1
| #define HAVE_DLFCN_H 1
| #define LT_OBJDIR ".libs/"
| #define DEBUG_LOG 1
| #define DEBUG_KMEM 1
| #define HAVE_ATOMIC64_T 1
| #define HAVE_ATOMIC64_CMPXCHG 1
| #define HAVE_ATOMIC64_XCHG 1
| #define HAVE_UINTPTR_T 1
| #define HAVE_SPLIT_SHRINKER_CALLBACK 1
| #define HAVE_PATH_IN_NAMEIDATA 1
| #define HAVE_VMALLOC_INFO 1
| #define HAVE_PDE_DATA 1
| #define HAVE_FLS64 1
| #define HAVE_DEVICE_CREATE 1
| #define HAVE_5ARGS_DEVICE_CREATE 1
| #define HAVE_SET_NORMALIZED_TIMESPEC_EXPORT 1
| #define HAVE_SET_NORMALIZED_TIMESPEC_INLINE 1
| #define HAVE_TIMESPEC_SUB 1
| #define HAVE_INIT_UTSNAME 1
| #define HAVE_UACCESS_HEADER 1
| #define HAVE_KMALLOC_NODE 1
| #define HAVE_INODE_I_MUTEX 1
| #define HAVE_MUTEX_OWNER 1
| #define HAVE_MUTEX_OWNER_TASK_STRUCT 1
| #define HAVE_MUTEX_LOCK_NESTED 1
| #define HAVE_3ARGS_ON_EACH_CPU 1
| #define HAVE_KALLSYMS_LOOKUP_NAME 1
| #define HAVE_PGDAT_HELPERS 1
| #define HAVE_GLOBAL_PAGE_STATE 1
| #define HAVE_ZONE_STAT_ITEM_NR_FREE_PAGES 1
| #define HAVE_ZONE_STAT_ITEM_NR_INACTIVE_ANON 1
| #define HAVE_ZONE_STAT_ITEM_NR_INACTIVE_FILE 1
| #define HAVE_ZONE_STAT_ITEM_NR_ACTIVE_ANON 1
| #define HAVE_ZONE_STAT_ITEM_NR_ACTIVE_FILE 1
| #define HAVE_USER_PATH_DIR 1
| #define HAVE_SET_FS_PWD_WITH_CONST 1
| #define HAVE_3ARGS_VFS_UNLINK 1
| #define HAVE_5ARGS_VFS_RENAME 1
| #define HAVE_VFS_FSYNC 1
| #define HAVE_2ARGS_VFS_FSYNC 1
| 
| 
| 		#include <linux/fs.h>
| 
| int
| main (void)
| {
| 
| 		struct inode_operations ops;
| 		ops.truncate_range = NULL;
| 
|   ;
|   return 0;
| }
| 
configure:22569: result: no
configure:22580: checking whether struct fs_struct uses spinlock_t
configure:22611: cp conftest.c build && make modules -C /usr/src/linux-headers-3.13.0-45-generic EXTRA_CFLAGS=-Werror-implicit-function-declaration -Werror  M=/home/ubuntu/zfs/spl-0.6.3/build 
configure:22614: $? = 0
configure:22616: test -s build/conftest.o
configure:22619: $? = 0
configure:22622: result: yes
configure:22644: checking whether struct cred exists
configure:22672: cp conftest.c build && make modules -C /usr/src/linux-headers-3.13.0-45-generic EXTRA_CFLAGS=-Werror-implicit-function-declaration   M=/home/ubuntu/zfs/spl-0.6.3/build 
configure:22675: $? = 0
configure:22677: test -s build/conftest.o
configure:22680: $? = 0
configure:22683: result: yes
configure:22704: checking whether kuid_t/kgid_t is available
configure:22732: cp conftest.c build && make modules -C /usr/src/linux-headers-3.13.0-45-generic EXTRA_CFLAGS=-Werror-implicit-function-declaration   M=/home/ubuntu/zfs/spl-0.6.3/build 
/home/ubuntu/zfs/spl-0.6.3/build/conftest.c: In function ‘main’:
/home/ubuntu/zfs/spl-0.6.3/build/conftest.c:75:10: warning: unused variable ‘groupid’ [-Wunused-variable]
   kgid_t groupid = KGIDT_INIT(0);
          ^
/home/ubuntu/zfs/spl-0.6.3/build/conftest.c:74:10: warning: unused variable ‘userid’ [-Wunused-variable]
   kuid_t userid = KUIDT_INIT(0);
          ^
configure:22735: $? = 0
configure:22737: test -s build/conftest.o
configure:22740: $? = 0
configure:22769: cp conftest.c build && make modules -C /usr/src/linux-headers-3.13.0-45-generic EXTRA_CFLAGS=-Werror-implicit-function-declaration   M=/home/ubuntu/zfs/spl-0.6.3/build 
/home/ubuntu/zfs/spl-0.6.3/build/conftest.c: In function ‘main’:
/home/ubuntu/zfs/spl-0.6.3/build/conftest.c:74:4: error: invalid initializer
    kuid_t userid = 0;
    ^
/home/ubuntu/zfs/spl-0.6.3/build/conftest.c:75:4: error: invalid initializer
    kgid_t groupid = 0;
    ^
/home/ubuntu/zfs/spl-0.6.3/build/conftest.c:75:11: warning: unused variable ‘groupid’ [-Wunused-variable]
    kgid_t groupid = 0;
           ^
/home/ubuntu/zfs/spl-0.6.3/build/conftest.c:74:11: warning: unused variable ‘userid’ [-Wunused-variable]
    kuid_t userid = 0;
           ^
make[1]: *** [/home/ubuntu/zfs/spl-0.6.3/build/conftest.o] Error 1
make: *** [_module_/home/ubuntu/zfs/spl-0.6.3/build] Error 2
configure:22772: $? = 2
configure: failed program was:
| /* confdefs.h */
| #define PACKAGE_NAME ""
| #define PACKAGE_TARNAME ""
| #define PACKAGE_VERSION ""
| #define PACKAGE_STRING ""
| #define PACKAGE_BUGREPORT ""
| #define PACKAGE_URL ""
| #define SPL_META_NAME "spl"
| #define SPL_META_VERSION "0.6.3"
| #define SPL_META_RELEASE "1"
| #define SPL_META_ALIAS "spl-0.6.3-1"
| #define PACKAGE "spl"
| #define VERSION "0.6.3"
| #define STDC_HEADERS 1
| #define HAVE_SYS_TYPES_H 1
| #define HAVE_SYS_STAT_H 1
| #define HAVE_STDLIB_H 1
| #define HAVE_STRING_H 1
| #define HAVE_MEMORY_H 1
| #define HAVE_STRINGS_H 1
| #define HAVE_INTTYPES_H 1
| #define HAVE_STDINT_H 1
| #define HAVE_UNISTD_H 1
| #define HAVE_DLFCN_H 1
| #define LT_OBJDIR ".libs/"
| #define DEBUG_LOG 1
| #define DEBUG_KMEM 1
| #define HAVE_ATOMIC64_T 1
| #define HAVE_ATOMIC64_CMPXCHG 1
| #define HAVE_ATOMIC64_XCHG 1
| #define HAVE_UINTPTR_T 1
| #define HAVE_SPLIT_SHRINKER_CALLBACK 1
| #define HAVE_PATH_IN_NAMEIDATA 1
| #define HAVE_VMALLOC_INFO 1
| #define HAVE_PDE_DATA 1
| #define HAVE_FLS64 1
| #define HAVE_DEVICE_CREATE 1
| #define HAVE_5ARGS_DEVICE_CREATE 1
| #define HAVE_SET_NORMALIZED_TIMESPEC_EXPORT 1
| #define HAVE_SET_NORMALIZED_TIMESPEC_INLINE 1
| #define HAVE_TIMESPEC_SUB 1
| #define HAVE_INIT_UTSNAME 1
| #define HAVE_UACCESS_HEADER 1
| #define HAVE_KMALLOC_NODE 1
| #define HAVE_INODE_I_MUTEX 1
| #define HAVE_MUTEX_OWNER 1
| #define HAVE_MUTEX_OWNER_TASK_STRUCT 1
| #define HAVE_MUTEX_LOCK_NESTED 1
| #define HAVE_3ARGS_ON_EACH_CPU 1
| #define HAVE_KALLSYMS_LOOKUP_NAME 1
| #define HAVE_PGDAT_HELPERS 1
| #define HAVE_GLOBAL_PAGE_STATE 1
| #define HAVE_ZONE_STAT_ITEM_NR_FREE_PAGES 1
| #define HAVE_ZONE_STAT_ITEM_NR_INACTIVE_ANON 1
| #define HAVE_ZONE_STAT_ITEM_NR_INACTIVE_FILE 1
| #define HAVE_ZONE_STAT_ITEM_NR_ACTIVE_ANON 1
| #define HAVE_ZONE_STAT_ITEM_NR_ACTIVE_FILE 1
| #define HAVE_USER_PATH_DIR 1
| #define HAVE_SET_FS_PWD_WITH_CONST 1
| #define HAVE_3ARGS_VFS_UNLINK 1
| #define HAVE_5ARGS_VFS_RENAME 1
| #define HAVE_VFS_FSYNC 1
| #define HAVE_2ARGS_VFS_FSYNC 1
| #define HAVE_FS_STRUCT_SPINLOCK 1
| #define HAVE_CRED_STRUCT 1
| 
| 
| 			#include <linux/uidgid.h>
| 
| int
| main (void)
| {
| 
| 			kuid_t userid = 0;
| 			kgid_t groupid = 0;
| 
|   ;
|   return 0;
| }
| 
configure:22787: result: yes; mandatory
configure:22814: checking whether groups_search() is available
configure:22849: cp conftest.c build && make modules -C /usr/src/linux-headers-3.13.0-45-generic EXTRA_CFLAGS=-Werror-implicit-function-declaration   M=/home/ubuntu/zfs/spl-0.6.3/build 
WARNING: "groups_search" [/home/ubuntu/zfs/spl-0.6.3/build/conftest.ko] undefined!
configure:22852: $? = 0
configure:22854: test -s build/conftest.o
configure:22857: $? = 0
configure:22904: result: no
configure:22919: checking whether __put_task_struct() is available
configure:22947: cp conftest.c build && make modules -C /usr/src/linux-headers-3.13.0-45-generic EXTRA_CFLAGS=-Werror-implicit-function-declaration   M=/home/ubuntu/zfs/spl-0.6.3/build 
configure:22950: $? = 0
configure:22952: test -s build/conftest.o
configure:22955: $? = 0
configure:23007: result: yes
configure:23018: checking whether proc_handler() wants 5 args
configure:23045: cp conftest.c build && make modules -C /usr/src/linux-headers-3.13.0-45-generic EXTRA_CFLAGS=-Werror-implicit-function-declaration   M=/home/ubuntu/zfs/spl-0.6.3/build 
configure:23048: $? = 0
configure:23050: test -s build/conftest.o
configure:23053: $? = 0
configure:23056: result: yes
configure:23076: checking whether kvasprintf() is available
configure:23104: cp conftest.c build && make modules -C /usr/src/linux-headers-3.13.0-45-generic EXTRA_CFLAGS=-Werror-implicit-function-declaration   M=/home/ubuntu/zfs/spl-0.6.3/build 
configure:23107: $? = 0
configure:23109: test -s build/conftest.o
configure:23112: $? = 0
configure:23164: result: yes
configure:23174: checking whether rwsem_is_locked() acquires sem->wait_lock
configure:23201: cp conftest.c build && make modules -C /usr/src/linux-headers-3.13.0-45-generic EXTRA_CFLAGS=-Werror-implicit-function-declaration   M=/home/ubuntu/zfs/spl-0.6.3/build 
/home/ubuntu/zfs/spl-0.6.3/build/conftest.c:73:7: error: redefinition of ‘rwsem_is_locked’
   int rwsem_is_locked(struct rw_semaphore *sem) { return 0; }
       ^
In file included from /home/ubuntu/zfs/spl-0.6.3/build/conftest.c:72:0:
include/linux/rwsem.h:43:19: note: previous definition of ‘rwsem_is_locked’ was here
 static inline int rwsem_is_locked(struct rw_semaphore *sem)
                   ^
make[1]: *** [/home/ubuntu/zfs/spl-0.6.3/build/conftest.o] Error 1
make: *** [_module_/home/ubuntu/zfs/spl-0.6.3/build] Error 2
configure:23204: $? = 2
configure: failed program was:
| /* confdefs.h */
| #define PACKAGE_NAME ""
| #define PACKAGE_TARNAME ""
| #define PACKAGE_VERSION ""
| #define PACKAGE_STRING ""
| #define PACKAGE_BUGREPORT ""
| #define PACKAGE_URL ""
| #define SPL_META_NAME "spl"
| #define SPL_META_VERSION "0.6.3"
| #define SPL_META_RELEASE "1"
| #define SPL_META_ALIAS "spl-0.6.3-1"
| #define PACKAGE "spl"
| #define VERSION "0.6.3"
| #define STDC_HEADERS 1
| #define HAVE_SYS_TYPES_H 1
| #define HAVE_SYS_STAT_H 1
| #define HAVE_STDLIB_H 1
| #define HAVE_STRING_H 1
| #define HAVE_MEMORY_H 1
| #define HAVE_STRINGS_H 1
| #define HAVE_INTTYPES_H 1
| #define HAVE_STDINT_H 1
| #define HAVE_UNISTD_H 1
| #define HAVE_DLFCN_H 1
| #define LT_OBJDIR ".libs/"
| #define DEBUG_LOG 1
| #define DEBUG_KMEM 1
| #define HAVE_ATOMIC64_T 1
| #define HAVE_ATOMIC64_CMPXCHG 1
| #define HAVE_ATOMIC64_XCHG 1
| #define HAVE_UINTPTR_T 1
| #define HAVE_SPLIT_SHRINKER_CALLBACK 1
| #define HAVE_PATH_IN_NAMEIDATA 1
| #define HAVE_VMALLOC_INFO 1
| #define HAVE_PDE_DATA 1
| #define HAVE_FLS64 1
| #define HAVE_DEVICE_CREATE 1
| #define HAVE_5ARGS_DEVICE_CREATE 1
| #define HAVE_SET_NORMALIZED_TIMESPEC_EXPORT 1
| #define HAVE_SET_NORMALIZED_TIMESPEC_INLINE 1
| #define HAVE_TIMESPEC_SUB 1
| #define HAVE_INIT_UTSNAME 1
| #define HAVE_UACCESS_HEADER 1
| #define HAVE_KMALLOC_NODE 1
| #define HAVE_INODE_I_MUTEX 1
| #define HAVE_MUTEX_OWNER 1
| #define HAVE_MUTEX_OWNER_TASK_STRUCT 1
| #define HAVE_MUTEX_LOCK_NESTED 1
| #define HAVE_3ARGS_ON_EACH_CPU 1
| #define HAVE_KALLSYMS_LOOKUP_NAME 1
| #define HAVE_PGDAT_HELPERS 1
| #define HAVE_GLOBAL_PAGE_STATE 1
| #define HAVE_ZONE_STAT_ITEM_NR_FREE_PAGES 1
| #define HAVE_ZONE_STAT_ITEM_NR_INACTIVE_ANON 1
| #define HAVE_ZONE_STAT_ITEM_NR_INACTIVE_FILE 1
| #define HAVE_ZONE_STAT_ITEM_NR_ACTIVE_ANON 1
| #define HAVE_ZONE_STAT_ITEM_NR_ACTIVE_FILE 1
| #define HAVE_USER_PATH_DIR 1
| #define HAVE_SET_FS_PWD_WITH_CONST 1
| #define HAVE_3ARGS_VFS_UNLINK 1
| #define HAVE_5ARGS_VFS_RENAME 1
| #define HAVE_VFS_FSYNC 1
| #define HAVE_2ARGS_VFS_FSYNC 1
| #define HAVE_FS_STRUCT_SPINLOCK 1
| #define HAVE_CRED_STRUCT 1
| #define HAVE_KUIDGID_T 1
| #define HAVE_PUT_TASK_STRUCT 1
| #define HAVE_5ARGS_PROC_HANDLER 1
| #define HAVE_KVASPRINTF 1
| 
| 
| 		#include <linux/rwsem.h>
| 		int rwsem_is_locked(struct rw_semaphore *sem) { return 0; }
| 
| int
| main (void)
| {
| 
|   ;
|   return 0;
| }
| 
configure:23224: result: no
configure:23273: checking whether fops->fallocate() exists
configure:23303: cp conftest.c build && make modules -C /usr/src/linux-headers-3.13.0-45-generic EXTRA_CFLAGS=-Werror-implicit-function-declaration   M=/home/ubuntu/zfs/spl-0.6.3/build 
configure:23306: $? = 0
configure:23308: test -s build/conftest.o
configure:23311: $? = 0
configure:23314: result: yes
configure:23335: checking whether iops->fallocate() exists
configure:23365: cp conftest.c build && make modules -C /usr/src/linux-headers-3.13.0-45-generic EXTRA_CFLAGS=-Werror-implicit-function-declaration   M=/home/ubuntu/zfs/spl-0.6.3/build 
/home/ubuntu/zfs/spl-0.6.3/build/conftest.c: In function ‘main’:
/home/ubuntu/zfs/spl-0.6.3/build/conftest.c:81:4: error: unknown field ‘fallocate’ specified in initializer
    .fallocate = fallocate,
    ^
/home/ubuntu/zfs/spl-0.6.3/build/conftest.c:81:4: warning: initialization from incompatible pointer type [enabled by default]
/home/ubuntu/zfs/spl-0.6.3/build/conftest.c:81:4: warning: (near initialization for ‘fops.lookup’) [enabled by default]
make[1]: *** [/home/ubuntu/zfs/spl-0.6.3/build/conftest.o] Error 1
make: *** [_module_/home/ubuntu/zfs/spl-0.6.3/build] Error 2
configure:23368: $? = 2
configure: failed program was:
| /* confdefs.h */
| #define PACKAGE_NAME ""
| #define PACKAGE_TARNAME ""
| #define PACKAGE_VERSION ""
| #define PACKAGE_STRING ""
| #define PACKAGE_BUGREPORT ""
| #define PACKAGE_URL ""
| #define SPL_META_NAME "spl"
| #define SPL_META_VERSION "0.6.3"
| #define SPL_META_RELEASE "1"
| #define SPL_META_ALIAS "spl-0.6.3-1"
| #define PACKAGE "spl"
| #define VERSION "0.6.3"
| #define STDC_HEADERS 1
| #define HAVE_SYS_TYPES_H 1
| #define HAVE_SYS_STAT_H 1
| #define HAVE_STDLIB_H 1
| #define HAVE_STRING_H 1
| #define HAVE_MEMORY_H 1
| #define HAVE_STRINGS_H 1
| #define HAVE_INTTYPES_H 1
| #define HAVE_STDINT_H 1
| #define HAVE_UNISTD_H 1
| #define HAVE_DLFCN_H 1
| #define LT_OBJDIR ".libs/"
| #define DEBUG_LOG 1
| #define DEBUG_KMEM 1
| #define HAVE_ATOMIC64_T 1
| #define HAVE_ATOMIC64_CMPXCHG 1
| #define HAVE_ATOMIC64_XCHG 1
| #define HAVE_UINTPTR_T 1
| #define HAVE_SPLIT_SHRINKER_CALLBACK 1
| #define HAVE_PATH_IN_NAMEIDATA 1
| #define HAVE_VMALLOC_INFO 1
| #define HAVE_PDE_DATA 1
| #define HAVE_FLS64 1
| #define HAVE_DEVICE_CREATE 1
| #define HAVE_5ARGS_DEVICE_CREATE 1
| #define HAVE_SET_NORMALIZED_TIMESPEC_EXPORT 1
| #define HAVE_SET_NORMALIZED_TIMESPEC_INLINE 1
| #define HAVE_TIMESPEC_SUB 1
| #define HAVE_INIT_UTSNAME 1
| #define HAVE_UACCESS_HEADER 1
| #define HAVE_KMALLOC_NODE 1
| #define HAVE_INODE_I_MUTEX 1
| #define HAVE_MUTEX_OWNER 1
| #define HAVE_MUTEX_OWNER_TASK_STRUCT 1
| #define HAVE_MUTEX_LOCK_NESTED 1
| #define HAVE_3ARGS_ON_EACH_CPU 1
| #define HAVE_KALLSYMS_LOOKUP_NAME 1
| #define HAVE_PGDAT_HELPERS 1
| #define HAVE_GLOBAL_PAGE_STATE 1
| #define HAVE_ZONE_STAT_ITEM_NR_FREE_PAGES 1
| #define HAVE_ZONE_STAT_ITEM_NR_INACTIVE_ANON 1
| #define HAVE_ZONE_STAT_ITEM_NR_INACTIVE_FILE 1
| #define HAVE_ZONE_STAT_ITEM_NR_ACTIVE_ANON 1
| #define HAVE_ZONE_STAT_ITEM_NR_ACTIVE_FILE 1
| #define HAVE_USER_PATH_DIR 1
| #define HAVE_SET_FS_PWD_WITH_CONST 1
| #define HAVE_3ARGS_VFS_UNLINK 1
| #define HAVE_5ARGS_VFS_RENAME 1
| #define HAVE_VFS_FSYNC 1
| #define HAVE_2ARGS_VFS_FSYNC 1
| #define HAVE_FS_STRUCT_SPINLOCK 1
| #define HAVE_CRED_STRUCT 1
| #define HAVE_KUIDGID_T 1
| #define HAVE_PUT_TASK_STRUCT 1
| #define HAVE_5ARGS_PROC_HANDLER 1
| #define HAVE_KVASPRINTF 1
| #define HAVE_FILE_FALLOCATE 1
| 
| 
| 		#include <linux/fs.h>
| 
| int
| main (void)
| {
| 
| 		long (*fallocate) (struct inode *, int, loff_t, loff_t) = NULL;
| 		struct inode_operations fops __attribute__ ((unused)) = {
| 			.fallocate = fallocate,
| 		};
| 
|   ;
|   return 0;
| }
| 
configure:23386: result: no
configure:23397: checking whether fops->fallocate() exists
configure:23427: cp conftest.c build && make modules -C /usr/src/linux-headers-3.13.0-45-generic EXTRA_CFLAGS=-Werror-implicit-function-declaration   M=/home/ubuntu/zfs/spl-0.6.3/build 
/home/ubuntu/zfs/spl-0.6.3/build/conftest.c: In function ‘main’:
/home/ubuntu/zfs/spl-0.6.3/build/conftest.c:80:10: error: variable ‘fops’ has initializer but incomplete type
   struct file_operations_no_const fops __attribute__ ((unused)) = {
          ^
/home/ubuntu/zfs/spl-0.6.3/build/conftest.c:81:4: error: unknown field ‘fallocate’ specified in initializer
    .fallocate = fallocate,
    ^
/home/ubuntu/zfs/spl-0.6.3/build/conftest.c:81:4: warning: excess elements in struct initializer [enabled by default]
/home/ubuntu/zfs/spl-0.6.3/build/conftest.c:81:4: warning: (near initialization for ‘fops’) [enabled by default]
/home/ubuntu/zfs/spl-0.6.3/build/conftest.c:80:35: error: storage size of ‘fops’ isn’t known
   struct file_operations_no_const fops __attribute__ ((unused)) = {
                                   ^
make[1]: *** [/home/ubuntu/zfs/spl-0.6.3/build/conftest.o] Error 1
make: *** [_module_/home/ubuntu/zfs/spl-0.6.3/build] Error 2
configure:23430: $? = 2
configure: failed program was:
| /* confdefs.h */
| #define PACKAGE_NAME ""
| #define PACKAGE_TARNAME ""
| #define PACKAGE_VERSION ""
| #define PACKAGE_STRING ""
| #define PACKAGE_BUGREPORT ""
| #define PACKAGE_URL ""
| #define SPL_META_NAME "spl"
| #define SPL_META_VERSION "0.6.3"
| #define SPL_META_RELEASE "1"
| #define SPL_META_ALIAS "spl-0.6.3-1"
| #define PACKAGE "spl"
| #define VERSION "0.6.3"
| #define STDC_HEADERS 1
| #define HAVE_SYS_TYPES_H 1
| #define HAVE_SYS_STAT_H 1
| #define HAVE_STDLIB_H 1
| #define HAVE_STRING_H 1
| #define HAVE_MEMORY_H 1
| #define HAVE_STRINGS_H 1
| #define HAVE_INTTYPES_H 1
| #define HAVE_STDINT_H 1
| #define HAVE_UNISTD_H 1
| #define HAVE_DLFCN_H 1
| #define LT_OBJDIR ".libs/"
| #define DEBUG_LOG 1
| #define DEBUG_KMEM 1
| #define HAVE_ATOMIC64_T 1
| #define HAVE_ATOMIC64_CMPXCHG 1
| #define HAVE_ATOMIC64_XCHG 1
| #define HAVE_UINTPTR_T 1
| #define HAVE_SPLIT_SHRINKER_CALLBACK 1
| #define HAVE_PATH_IN_NAMEIDATA 1
| #define HAVE_VMALLOC_INFO 1
| #define HAVE_PDE_DATA 1
| #define HAVE_FLS64 1
| #define HAVE_DEVICE_CREATE 1
| #define HAVE_5ARGS_DEVICE_CREATE 1
| #define HAVE_SET_NORMALIZED_TIMESPEC_EXPORT 1
| #define HAVE_SET_NORMALIZED_TIMESPEC_INLINE 1
| #define HAVE_TIMESPEC_SUB 1
| #define HAVE_INIT_UTSNAME 1
| #define HAVE_UACCESS_HEADER 1
| #define HAVE_KMALLOC_NODE 1
| #define HAVE_INODE_I_MUTEX 1
| #define HAVE_MUTEX_OWNER 1
| #define HAVE_MUTEX_OWNER_TASK_STRUCT 1
| #define HAVE_MUTEX_LOCK_NESTED 1
| #define HAVE_3ARGS_ON_EACH_CPU 1
| #define HAVE_KALLSYMS_LOOKUP_NAME 1
| #define HAVE_PGDAT_HELPERS 1
| #define HAVE_GLOBAL_PAGE_STATE 1
| #define HAVE_ZONE_STAT_ITEM_NR_FREE_PAGES 1
| #define HAVE_ZONE_STAT_ITEM_NR_INACTIVE_ANON 1
| #define HAVE_ZONE_STAT_ITEM_NR_INACTIVE_FILE 1
| #define HAVE_ZONE_STAT_ITEM_NR_ACTIVE_ANON 1
| #define HAVE_ZONE_STAT_ITEM_NR_ACTIVE_FILE 1
| #define HAVE_USER_PATH_DIR 1
| #define HAVE_SET_FS_PWD_WITH_CONST 1
| #define HAVE_3ARGS_VFS_UNLINK 1
| #define HAVE_5ARGS_VFS_RENAME 1
| #define HAVE_VFS_FSYNC 1
| #define HAVE_2ARGS_VFS_FSYNC 1
| #define HAVE_FS_STRUCT_SPINLOCK 1
| #define HAVE_CRED_STRUCT 1
| #define HAVE_KUIDGID_T 1
| #define HAVE_PUT_TASK_STRUCT 1
| #define HAVE_5ARGS_PROC_HANDLER 1
| #define HAVE_KVASPRINTF 1
| #define HAVE_FILE_FALLOCATE 1
| 
| 
| 		#include <linux/fs.h>
| 
| int
| main (void)
| {
| 
| 		long (*fallocate) (struct file *, int, loff_t, loff_t) = NULL;
| 		struct file_operations_no_const fops __attribute__ ((unused)) = {
| 			.fallocate = fallocate,
| 		};
| 
|   ;
|   return 0;
| }
| 
configure:23448: result: no
configure:23459: checking whether shrink_dcache_memory() is available
configure:23487: cp conftest.c build && make modules -C /usr/src/linux-headers-3.13.0-45-generic EXTRA_CFLAGS=-Werror-implicit-function-declaration   M=/home/ubuntu/zfs/spl-0.6.3/build 
/home/ubuntu/zfs/spl-0.6.3/build/conftest.c: In function ‘main’:
/home/ubuntu/zfs/spl-0.6.3/build/conftest.c:79:3: error: implicit declaration of function ‘shrink_dcache_memory’ [-Werror=implicit-function-declaration]
   shrink_dcache_memory(0, 0);
   ^
cc1: some warnings being treated as errors
make[1]: *** [/home/ubuntu/zfs/spl-0.6.3/build/conftest.o] Error 1
make: *** [_module_/home/ubuntu/zfs/spl-0.6.3/build] Error 2
configure:23490: $? = 2
configure: failed program was:
| /* confdefs.h */
| #define PACKAGE_NAME ""
| #define PACKAGE_TARNAME ""
| #define PACKAGE_VERSION ""
| #define PACKAGE_STRING ""
| #define PACKAGE_BUGREPORT ""
| #define PACKAGE_URL ""
| #define SPL_META_NAME "spl"
| #define SPL_META_VERSION "0.6.3"
| #define SPL_META_RELEASE "1"
| #define SPL_META_ALIAS "spl-0.6.3-1"
| #define PACKAGE "spl"
| #define VERSION "0.6.3"
| #define STDC_HEADERS 1
| #define HAVE_SYS_TYPES_H 1
| #define HAVE_SYS_STAT_H 1
| #define HAVE_STDLIB_H 1
| #define HAVE_STRING_H 1
| #define HAVE_MEMORY_H 1
| #define HAVE_STRINGS_H 1
| #define HAVE_INTTYPES_H 1
| #define HAVE_STDINT_H 1
| #define HAVE_UNISTD_H 1
| #define HAVE_DLFCN_H 1
| #define LT_OBJDIR ".libs/"
| #define DEBUG_LOG 1
| #define DEBUG_KMEM 1
| #define HAVE_ATOMIC64_T 1
| #define HAVE_ATOMIC64_CMPXCHG 1
| #define HAVE_ATOMIC64_XCHG 1
| #define HAVE_UINTPTR_T 1
| #define HAVE_SPLIT_SHRINKER_CALLBACK 1
| #define HAVE_PATH_IN_NAMEIDATA 1
| #define HAVE_VMALLOC_INFO 1
| #define HAVE_PDE_DATA 1
| #define HAVE_FLS64 1
| #define HAVE_DEVICE_CREATE 1
| #define HAVE_5ARGS_DEVICE_CREATE 1
| #define HAVE_SET_NORMALIZED_TIMESPEC_EXPORT 1
| #define HAVE_SET_NORMALIZED_TIMESPEC_INLINE 1
| #define HAVE_TIMESPEC_SUB 1
| #define HAVE_INIT_UTSNAME 1
| #define HAVE_UACCESS_HEADER 1
| #define HAVE_KMALLOC_NODE 1
| #define HAVE_INODE_I_MUTEX 1
| #define HAVE_MUTEX_OWNER 1
| #define HAVE_MUTEX_OWNER_TASK_STRUCT 1
| #define HAVE_MUTEX_LOCK_NESTED 1
| #define HAVE_3ARGS_ON_EACH_CPU 1
| #define HAVE_KALLSYMS_LOOKUP_NAME 1
| #define HAVE_PGDAT_HELPERS 1
| #define HAVE_GLOBAL_PAGE_STATE 1
| #define HAVE_ZONE_STAT_ITEM_NR_FREE_PAGES 1
| #define HAVE_ZONE_STAT_ITEM_NR_INACTIVE_ANON 1
| #define HAVE_ZONE_STAT_ITEM_NR_INACTIVE_FILE 1
| #define HAVE_ZONE_STAT_ITEM_NR_ACTIVE_ANON 1
| #define HAVE_ZONE_STAT_ITEM_NR_ACTIVE_FILE 1
| #define HAVE_USER_PATH_DIR 1
| #define HAVE_SET_FS_PWD_WITH_CONST 1
| #define HAVE_3ARGS_VFS_UNLINK 1
| #define HAVE_5ARGS_VFS_RENAME 1
| #define HAVE_VFS_FSYNC 1
| #define HAVE_2ARGS_VFS_FSYNC 1
| #define HAVE_FS_STRUCT_SPINLOCK 1
| #define HAVE_CRED_STRUCT 1
| #define HAVE_KUIDGID_T 1
| #define HAVE_PUT_TASK_STRUCT 1
| #define HAVE_5ARGS_PROC_HANDLER 1
| #define HAVE_KVASPRINTF 1
| #define HAVE_FILE_FALLOCATE 1
| 
| 
| 		#include <linux/dcache.h>
| 
| int
| main (void)
| {
| 
| 		shrink_dcache_memory(0, 0);
| 
|   ;
|   return 0;
| }
| 
configure:23510: result: no
configure:23557: checking whether shrink_icache_memory() is available
configure:23585: cp conftest.c build && make modules -C /usr/src/linux-headers-3.13.0-45-generic EXTRA_CFLAGS=-Werror-implicit-function-declaration   M=/home/ubuntu/zfs/spl-0.6.3/build 
/home/ubuntu/zfs/spl-0.6.3/build/conftest.c: In function ‘main’:
/home/ubuntu/zfs/spl-0.6.3/build/conftest.c:79:3: error: implicit declaration of function ‘shrink_icache_memory’ [-Werror=implicit-function-declaration]
   shrink_icache_memory(0, 0);
   ^
cc1: some warnings being treated as errors
make[1]: *** [/home/ubuntu/zfs/spl-0.6.3/build/conftest.o] Error 1
make: *** [_module_/home/ubuntu/zfs/spl-0.6.3/build] Error 2
configure:23588: $? = 2
configure: failed program was:
| /* confdefs.h */
| #define PACKAGE_NAME ""
| #define PACKAGE_TARNAME ""
| #define PACKAGE_VERSION ""
| #define PACKAGE_STRING ""
| #define PACKAGE_BUGREPORT ""
| #define PACKAGE_URL ""
| #define SPL_META_NAME "spl"
| #define SPL_META_VERSION "0.6.3"
| #define SPL_META_RELEASE "1"
| #define SPL_META_ALIAS "spl-0.6.3-1"
| #define PACKAGE "spl"
| #define VERSION "0.6.3"
| #define STDC_HEADERS 1
| #define HAVE_SYS_TYPES_H 1
| #define HAVE_SYS_STAT_H 1
| #define HAVE_STDLIB_H 1
| #define HAVE_STRING_H 1
| #define HAVE_MEMORY_H 1
| #define HAVE_STRINGS_H 1
| #define HAVE_INTTYPES_H 1
| #define HAVE_STDINT_H 1
| #define HAVE_UNISTD_H 1
| #define HAVE_DLFCN_H 1
| #define LT_OBJDIR ".libs/"
| #define DEBUG_LOG 1
| #define DEBUG_KMEM 1
| #define HAVE_ATOMIC64_T 1
| #define HAVE_ATOMIC64_CMPXCHG 1
| #define HAVE_ATOMIC64_XCHG 1
| #define HAVE_UINTPTR_T 1
| #define HAVE_SPLIT_SHRINKER_CALLBACK 1
| #define HAVE_PATH_IN_NAMEIDATA 1
| #define HAVE_VMALLOC_INFO 1
| #define HAVE_PDE_DATA 1
| #define HAVE_FLS64 1
| #define HAVE_DEVICE_CREATE 1
| #define HAVE_5ARGS_DEVICE_CREATE 1
| #define HAVE_SET_NORMALIZED_TIMESPEC_EXPORT 1
| #define HAVE_SET_NORMALIZED_TIMESPEC_INLINE 1
| #define HAVE_TIMESPEC_SUB 1
| #define HAVE_INIT_UTSNAME 1
| #define HAVE_UACCESS_HEADER 1
| #define HAVE_KMALLOC_NODE 1
| #define HAVE_INODE_I_MUTEX 1
| #define HAVE_MUTEX_OWNER 1
| #define HAVE_MUTEX_OWNER_TASK_STRUCT 1
| #define HAVE_MUTEX_LOCK_NESTED 1
| #define HAVE_3ARGS_ON_EACH_CPU 1
| #define HAVE_KALLSYMS_LOOKUP_NAME 1
| #define HAVE_PGDAT_HELPERS 1
| #define HAVE_GLOBAL_PAGE_STATE 1
| #define HAVE_ZONE_STAT_ITEM_NR_FREE_PAGES 1
| #define HAVE_ZONE_STAT_ITEM_NR_INACTIVE_ANON 1
| #define HAVE_ZONE_STAT_ITEM_NR_INACTIVE_FILE 1
| #define HAVE_ZONE_STAT_ITEM_NR_ACTIVE_ANON 1
| #define HAVE_ZONE_STAT_ITEM_NR_ACTIVE_FILE 1
| #define HAVE_USER_PATH_DIR 1
| #define HAVE_SET_FS_PWD_WITH_CONST 1
| #define HAVE_3ARGS_VFS_UNLINK 1
| #define HAVE_5ARGS_VFS_RENAME 1
| #define HAVE_VFS_FSYNC 1
| #define HAVE_2ARGS_VFS_FSYNC 1
| #define HAVE_FS_STRUCT_SPINLOCK 1
| #define HAVE_CRED_STRUCT 1
| #define HAVE_KUIDGID_T 1
| #define HAVE_PUT_TASK_STRUCT 1
| #define HAVE_5ARGS_PROC_HANDLER 1
| #define HAVE_KVASPRINTF 1
| #define HAVE_FILE_FALLOCATE 1
| 
| 
| 		#include <linux/dcache.h>
| 
| int
| main (void)
| {
| 
| 		shrink_icache_memory(0, 0);
| 
|   ;
|   return 0;
| }
| 
configure:23608: result: no
configure:23657: checking whether symbol kern_path_parent exists in header
configure:23669: result: no
configure:23681: checking whether kern_path_parent() is available
configure:23709: cp conftest.c build && make modules -C /usr/src/linux-headers-3.13.0-45-generic EXTRA_CFLAGS=-Werror-implicit-function-declaration   M=/home/ubuntu/zfs/spl-0.6.3/build 
/home/ubuntu/zfs/spl-0.6.3/build/conftest.c: In function ‘main’:
/home/ubuntu/zfs/spl-0.6.3/build/conftest.c:79:3: error: implicit declaration of function ‘kern_path_parent’ [-Werror=implicit-function-declaration]
   kern_path_parent(NULL, NULL);
   ^
cc1: some warnings being treated as errors
make[1]: *** [/home/ubuntu/zfs/spl-0.6.3/build/conftest.o] Error 1
make: *** [_module_/home/ubuntu/zfs/spl-0.6.3/build] Error 2
configure:23712: $? = 2
configure: failed program was:
| /* confdefs.h */
| #define PACKAGE_NAME ""
| #define PACKAGE_TARNAME ""
| #define PACKAGE_VERSION ""
| #define PACKAGE_STRING ""
| #define PACKAGE_BUGREPORT ""
| #define PACKAGE_URL ""
| #define SPL_META_NAME "spl"
| #define SPL_META_VERSION "0.6.3"
| #define SPL_META_RELEASE "1"
| #define SPL_META_ALIAS "spl-0.6.3-1"
| #define PACKAGE "spl"
| #define VERSION "0.6.3"
| #define STDC_HEADERS 1
| #define HAVE_SYS_TYPES_H 1
| #define HAVE_SYS_STAT_H 1
| #define HAVE_STDLIB_H 1
| #define HAVE_STRING_H 1
| #define HAVE_MEMORY_H 1
| #define HAVE_STRINGS_H 1
| #define HAVE_INTTYPES_H 1
| #define HAVE_STDINT_H 1
| #define HAVE_UNISTD_H 1
| #define HAVE_DLFCN_H 1
| #define LT_OBJDIR ".libs/"
| #define DEBUG_LOG 1
| #define DEBUG_KMEM 1
| #define HAVE_ATOMIC64_T 1
| #define HAVE_ATOMIC64_CMPXCHG 1
| #define HAVE_ATOMIC64_XCHG 1
| #define HAVE_UINTPTR_T 1
| #define HAVE_SPLIT_SHRINKER_CALLBACK 1
| #define HAVE_PATH_IN_NAMEIDATA 1
| #define HAVE_VMALLOC_INFO 1
| #define HAVE_PDE_DATA 1
| #define HAVE_FLS64 1
| #define HAVE_DEVICE_CREATE 1
| #define HAVE_5ARGS_DEVICE_CREATE 1
| #define HAVE_SET_NORMALIZED_TIMESPEC_EXPORT 1
| #define HAVE_SET_NORMALIZED_TIMESPEC_INLINE 1
| #define HAVE_TIMESPEC_SUB 1
| #define HAVE_INIT_UTSNAME 1
| #define HAVE_UACCESS_HEADER 1
| #define HAVE_KMALLOC_NODE 1
| #define HAVE_INODE_I_MUTEX 1
| #define HAVE_MUTEX_OWNER 1
| #define HAVE_MUTEX_OWNER_TASK_STRUCT 1
| #define HAVE_MUTEX_LOCK_NESTED 1
| #define HAVE_3ARGS_ON_EACH_CPU 1
| #define HAVE_KALLSYMS_LOOKUP_NAME 1
| #define HAVE_PGDAT_HELPERS 1
| #define HAVE_GLOBAL_PAGE_STATE 1
| #define HAVE_ZONE_STAT_ITEM_NR_FREE_PAGES 1
| #define HAVE_ZONE_STAT_ITEM_NR_INACTIVE_ANON 1
| #define HAVE_ZONE_STAT_ITEM_NR_INACTIVE_FILE 1
| #define HAVE_ZONE_STAT_ITEM_NR_ACTIVE_ANON 1
| #define HAVE_ZONE_STAT_ITEM_NR_ACTIVE_FILE 1
| #define HAVE_USER_PATH_DIR 1
| #define HAVE_SET_FS_PWD_WITH_CONST 1
| #define HAVE_3ARGS_VFS_UNLINK 1
| #define HAVE_5ARGS_VFS_RENAME 1
| #define HAVE_VFS_FSYNC 1
| #define HAVE_2ARGS_VFS_FSYNC 1
| #define HAVE_FS_STRUCT_SPINLOCK 1
| #define HAVE_CRED_STRUCT 1
| #define HAVE_KUIDGID_T 1
| #define HAVE_PUT_TASK_STRUCT 1
| #define HAVE_5ARGS_PROC_HANDLER 1
| #define HAVE_KVASPRINTF 1
| #define HAVE_FILE_FALLOCATE 1
| 
| 
| 		#include <linux/namei.h>
| 
| int
| main (void)
| {
| 
| 		kern_path_parent(NULL, NULL);
| 
|   ;
|   return 0;
| }
| 
configure:23732: result: no
configure:23781: checking whether symbol kern_path_locked exists in header
configure:23797: result: yes
configure:23806: checking whether CONFIG_KALLSYMS is defined
configure:23833: cp conftest.c build && make modules -C /usr/src/linux-headers-3.13.0-45-generic EXTRA_CFLAGS=-Werror-implicit-function-declaration   M=/home/ubuntu/zfs/spl-0.6.3/build 
configure:23836: $? = 0
configure:23838: test -s build/conftest.o
configure:23841: $? = 0
configure:23844: result: yes
configure:23865: checking whether CONFIG_ZLIB_INFLATE is defined
configure:23893: cp conftest.c build && make modules -C /usr/src/linux-headers-3.13.0-45-generic EXTRA_CFLAGS=-Werror-implicit-function-declaration   M=/home/ubuntu/zfs/spl-0.6.3/build 
configure:23896: $? = 0
configure:23898: test -s build/conftest.o
configure:23901: $? = 0
configure:23904: result: yes
configure:23925: checking whether CONFIG_ZLIB_DEFLATE is defined
configure:23953: cp conftest.c build && make modules -C /usr/src/linux-headers-3.13.0-45-generic EXTRA_CFLAGS=-Werror-implicit-function-declaration   M=/home/ubuntu/zfs/spl-0.6.3/build 
configure:23956: $? = 0
configure:23958: test -s build/conftest.o
configure:23961: $? = 0
configure:23964: result: yes
configure:23984: checking whether zlib_deflate_workspacesize() wants 2 args
configure:24011: cp conftest.c build && make modules -C /usr/src/linux-headers-3.13.0-45-generic EXTRA_CFLAGS=-Werror-implicit-function-declaration   M=/home/ubuntu/zfs/spl-0.6.3/build 
configure:24014: $? = 0
configure:24016: test -s build/conftest.o
configure:24019: $? = 0
configure:24022: result: yes
configure:24043: checking whether struct shrink_control exists
configure:24073: cp conftest.c build && make modules -C /usr/src/linux-headers-3.13.0-45-generic EXTRA_CFLAGS=-Werror-implicit-function-declaration   M=/home/ubuntu/zfs/spl-0.6.3/build 
configure:24076: $? = 0
configure:24078: test -s build/conftest.o
configure:24081: $? = 0
configure:24084: result: yes
configure:24105: checking whether struct rw_semaphore member wait_lock is raw
configure:24136: cp conftest.c build && make modules -C /usr/src/linux-headers-3.13.0-45-generic EXTRA_CFLAGS=-Werror-implicit-function-declaration -Werror  M=/home/ubuntu/zfs/spl-0.6.3/build 
configure:24139: $? = 0
configure:24141: test -s build/conftest.o
configure:24144: $? = 0
configure:24147: result: yes
configure:24168: checking whether header linux/sched/rt.h exists
configure:24196: cp conftest.c build && make modules -C /usr/src/linux-headers-3.13.0-45-generic EXTRA_CFLAGS=-Werror-implicit-function-declaration   M=/home/ubuntu/zfs/spl-0.6.3/build 
configure:24199: $? = 0
configure:24201: test -s build/conftest.o
configure:24204: $? = 0
configure:24210: result: yes
configure:24228: checking whether vfs_getattr() wants
configure:24256: cp conftest.c build && make modules -C /usr/src/linux-headers-3.13.0-45-generic EXTRA_CFLAGS=-Werror-implicit-function-declaration   M=/home/ubuntu/zfs/spl-0.6.3/build 
configure:24259: $? = 0
configure:24261: test -s build/conftest.o
configure:24264: $? = 0
configure:24267: result: 2 args
configure:24339: checking whether usleep_range() is available
configure:24366: cp conftest.c build && make modules -C /usr/src/linux-headers-3.13.0-45-generic EXTRA_CFLAGS=-Werror-implicit-function-declaration   M=/home/ubuntu/zfs/spl-0.6.3/build 
configure:24369: $? = 0
configure:24371: test -s build/conftest.o
configure:24374: $? = 0
configure:24377: result: yes
configure:24398: checking whether struct kmem_cache has allocflags
configure:24426: cp conftest.c build && make modules -C /usr/src/linux-headers-3.13.0-45-generic EXTRA_CFLAGS=-Werror-implicit-function-declaration   M=/home/ubuntu/zfs/spl-0.6.3/build 
configure:24429: $? = 0
configure:24431: test -s build/conftest.o
configure:24434: $? = 0
configure:24437: result: yes
configure:24690: creating ./config.status

## ---------------------- ##
## Running config.status. ##
## ---------------------- ##

This file was extended by config.status, which was
generated by GNU Autoconf 2.68.  Invocation command line was

  CONFIG_FILES    = 
  CONFIG_HEADERS  = 
  CONFIG_LINKS    = 
  CONFIG_COMMANDS = 
  $ ./config.status 

on zfs

config.status:1239: creating Makefile
config.status:1239: creating man/Makefile
config.status:1239: creating man/man1/Makefile
config.status:1239: creating man/man5/Makefile
config.status:1239: creating lib/Makefile
config.status:1239: creating cmd/Makefile
config.status:1239: creating module/Makefile
config.status:1239: creating module/spl/Makefile
config.status:1239: creating module/splat/Makefile
config.status:1239: creating include/Makefile
config.status:1239: creating include/fs/Makefile
config.status:1239: creating include/linux/Makefile
config.status:1239: creating include/rpc/Makefile
config.status:1239: creating include/sharefs/Makefile
config.status:1239: creating include/sys/Makefile
config.status:1239: creating include/sys/fm/Makefile
config.status:1239: creating include/sys/fs/Makefile
config.status:1239: creating include/sys/sysevent/Makefile
config.status:1239: creating include/util/Makefile
config.status:1239: creating include/vm/Makefile
config.status:1239: creating scripts/Makefile
config.status:1239: creating rpm/Makefile
config.status:1239: creating rpm/fedora/Makefile
config.status:1239: creating rpm/fedora/spl.spec
config.status:1239: creating rpm/fedora/spl-kmod.spec
config.status:1239: creating rpm/fedora/spl-dkms.spec
config.status:1239: creating rpm/generic/Makefile
config.status:1239: creating rpm/generic/spl.spec
config.status:1239: creating rpm/generic/spl-kmod.spec
config.status:1239: creating rpm/generic/spl-dkms.spec
config.status:1239: creating spl.release
config.status:1239: creating spl_config.h
config.status:1468: executing depfiles commands
config.status:1468: executing libtool commands

## ---------------- ##
## Cache variables. ##
## ---------------- ##

ac_cv_build=x86_64-unknown-linux-gnu
ac_cv_c_compiler_gnu=yes
ac_cv_env_CC_set=
ac_cv_env_CC_value=
ac_cv_env_CFLAGS_set=
ac_cv_env_CFLAGS_value=
ac_cv_env_CPPFLAGS_set=
ac_cv_env_CPPFLAGS_value=
ac_cv_env_CPP_set=
ac_cv_env_CPP_value=
ac_cv_env_LDFLAGS_set=
ac_cv_env_LDFLAGS_value=
ac_cv_env_LIBS_set=
ac_cv_env_LIBS_value=
ac_cv_env_build_alias_set=
ac_cv_env_build_alias_value=
ac_cv_env_host_alias_set=
ac_cv_env_host_alias_value=
ac_cv_env_target_alias_set=
ac_cv_env_target_alias_value=
ac_cv_header_dlfcn_h=yes
ac_cv_header_inttypes_h=yes
ac_cv_header_memory_h=yes
ac_cv_header_stdc=yes
ac_cv_header_stdint_h=yes
ac_cv_header_stdlib_h=yes
ac_cv_header_string_h=yes
ac_cv_header_strings_h=yes
ac_cv_header_sys_stat_h=yes
ac_cv_header_sys_types_h=yes
ac_cv_header_unistd_h=yes
ac_cv_host=x86_64-unknown-linux-gnu
ac_cv_objext=o
ac_cv_path_EGREP='/bin/grep -E'
ac_cv_path_FGREP='/bin/grep -F'
ac_cv_path_GREP=/bin/grep
ac_cv_path_SED=/bin/sed
ac_cv_path_install='/usr/bin/install -c'
ac_cv_path_mkdir=/bin/mkdir
ac_cv_prog_AWK=gawk
ac_cv_prog_CPP='gcc -E'
ac_cv_prog_ac_ct_AR=ar
ac_cv_prog_ac_ct_CC=gcc
ac_cv_prog_ac_ct_MANIFEST_TOOL=mt
ac_cv_prog_ac_ct_OBJDUMP=objdump
ac_cv_prog_ac_ct_RANLIB=ranlib
ac_cv_prog_ac_ct_STRIP=strip
ac_cv_prog_cc_c89=
ac_cv_prog_cc_g=yes
ac_cv_prog_make_make_set=yes
ac_cv_target=x86_64-unknown-linux-gnu
am_cv_CC_dependencies_compiler_type=gcc3
am_cv_make_support_nested_variables=yes
lt_cv_ar_at_file=@
lt_cv_archive_cmds_need_lc=no
lt_cv_deplibs_check_method=pass_all
lt_cv_file_magic_cmd='$MAGIC_CMD'
lt_cv_file_magic_test_file=
lt_cv_ld_reload_flag=-r
lt_cv_nm_interface='BSD nm'
lt_cv_objdir=.libs
lt_cv_path_LD=/usr/bin/ld
lt_cv_path_NM='/usr/bin/nm -B'
lt_cv_path_mainfest_tool=no
lt_cv_prog_compiler_c_o=yes
lt_cv_prog_compiler_pic='-fPIC -DPIC'
lt_cv_prog_compiler_pic_works=yes
lt_cv_prog_compiler_rtti_exceptions=no
lt_cv_prog_compiler_static_works=yes
lt_cv_prog_gnu_ld=yes
lt_cv_sharedlib_from_linklib_cmd='printf %s\n'
lt_cv_shlibpath_overrides_runpath=no
lt_cv_sys_global_symbol_pipe='sed -n -e '\''s/^.*[	 ]\([ABCDGIRSTW][ABCDGIRSTW]*\)[	 ][	 ]*\([_A-Za-z][_A-Za-z0-9]*\)$/\1 \2 \2/p'\'' | sed '\''/ __gnu_lto/d'\'''
lt_cv_sys_global_symbol_to_c_name_address='sed -n -e '\''s/^: \([^ ]*\)[ ]*$/  {\"\1\", (void *) 0},/p'\'' -e '\''s/^[ABCDGIRSTW]* \([^ ]*\) \([^ ]*\)$/  {"\2", (void *) \&\2},/p'\'''
lt_cv_sys_global_symbol_to_c_name_address_lib_prefix='sed -n -e '\''s/^: \([^ ]*\)[ ]*$/  {\"\1\", (void *) 0},/p'\'' -e '\''s/^[ABCDGIRSTW]* \([^ ]*\) \(lib[^ ]*\)$/  {"\2", (void *) \&\2},/p'\'' -e '\''s/^[ABCDGIRSTW]* \([^ ]*\) \([^ ]*\)$/  {"lib\2", (void *) \&\2},/p'\'''
lt_cv_sys_global_symbol_to_cdecl='sed -n -e '\''s/^T .* \(.*\)$/extern int \1();/p'\'' -e '\''s/^[ABCDGIRSTW]* .* \(.*\)$/extern char \1;/p'\'''
lt_cv_sys_max_cmd_len=1572864
lt_cv_to_host_file_cmd=func_convert_file_noop
lt_cv_to_tool_file_cmd=func_convert_file_noop

## ----------------- ##
## Output variables. ##
## ----------------- ##

ACLOCAL='${SHELL} /home/ubuntu/zfs/spl-0.6.3/config/missing --run aclocal-1.11'
ALIEN='alien'
ALIEN_VERSION='8.90'
AMDEPBACKSLASH='\'
AMDEP_FALSE='#'
AMDEP_TRUE=''
AMTAR='$${TAR-tar}'
AM_BACKSLASH='\'
AM_DEFAULT_V='$(AM_DEFAULT_VERBOSITY)'
AM_DEFAULT_VERBOSITY='0'
AM_V='$(V)'
AR='ar'
AUTOCONF='${SHELL} /home/ubuntu/zfs/spl-0.6.3/config/missing --run autoconf'
AUTOHEADER='${SHELL} /home/ubuntu/zfs/spl-0.6.3/config/missing --run autoheader'
AUTOMAKE='${SHELL} /home/ubuntu/zfs/spl-0.6.3/config/missing --run automake-1.11'
AWK='gawk'
CC='gcc'
CCDEPMODE='depmode=gcc3'
CFLAGS='-g -O2'
CONFIG_KERNEL_FALSE='#'
CONFIG_KERNEL_TRUE=''
CONFIG_USER_FALSE='#'
CONFIG_USER_TRUE=''
CPP='gcc -E'
CPPFLAGS=''
CYGPATH_W='echo'
DEBUG_CFLAGS='-DNDEBUG'
DEBUG_KMEM='_with_debug_kmem'
DEBUG_KMEM_TRACKING='_without_debug_kmem_tracking'
DEBUG_LOG='_with_debug_log'
DEBUG_SPL='_without_debug'
DEFAULT_PACKAGE='deb'
DEFS='-DHAVE_CONFIG_H'
DEPDIR='.deps'
DLLTOOL='false'
DPKG='dpkg'
DPKGBUILD='dpkg-buildpackage'
DPKGBUILD_VERSION='1.17.5.'
DPKG_VERSION='1.17.5'
DSYMUTIL=''
DUMPBIN=''
ECHO_C=''
ECHO_N='-n'
ECHO_T=''
EGREP='/bin/grep -E'
EXEEXT=''
FGREP='/bin/grep -F'
GREP='/bin/grep'
HAVE_ALIEN='yes'
HAVE_DPKG='yes'
HAVE_DPKGBUILD='yes'
HAVE_RPM='yes'
HAVE_RPMBUILD='yes'
INSTALL_DATA='${INSTALL} -m 644'
INSTALL_PROGRAM='${INSTALL}'
INSTALL_SCRIPT='${INSTALL}'
INSTALL_STRIP_PROGRAM='$(install_sh) -c -s'
KERNELCPPFLAGS=' -DHAVE_GPL_ONLY_SYMBOLS -Wstrict-prototypes -DNDEBUG -DDEBUG_LOG -DDEBUG_KMEM'
KERNELMAKE_PARAMS=''
LD='/usr/bin/ld -m elf_x86_64'
LDFLAGS=''
LIBOBJS=''
LIBS=''
LIBTOOL='$(SHELL) $(top_builddir)/libtool'
LICENSE='GPL'
LINUX='/usr/src/linux-headers-3.13.0-45-generic'
LINUX_OBJ='/usr/src/linux-headers-3.13.0-45-generic'
LINUX_SYMBOLS='Module.symvers'
LINUX_VERSION='3.13.0-45-generic'
LIPO=''
LN_S='ln -s'
LTLIBOBJS=''
MAINT='#'
MAINTAINER_MODE_FALSE=''
MAINTAINER_MODE_TRUE='#'
MAKEINFO='${SHELL} /home/ubuntu/zfs/spl-0.6.3/config/missing --run makeinfo'
MANIFEST_TOOL=':'
MKDIR_P='/bin/mkdir -p'
NM='/usr/bin/nm -B'
NMEDIT=''
OBJDUMP='objdump'
OBJEXT='o'
OTOOL64=''
OTOOL=''
PACKAGE='spl'
PACKAGE_BUGREPORT=''
PACKAGE_NAME=''
PACKAGE_STRING=''
PACKAGE_TARNAME=''
PACKAGE_URL=''
PACKAGE_VERSION=''
PATH_SEPARATOR=':'
RANLIB='ranlib'
RELEASE='1'
RPM='rpm'
RPMBUILD='rpmbuild'
RPMBUILD_VERSION='4.11.1'
RPM_DEFINE_COMMON='--define "$(DEBUG_SPL) 1" --define "$(DEBUG_LOG) 1" --define "$(DEBUG_KMEM) 1" --define "$(DEBUG_KMEM_TRACKING) 1"'
RPM_DEFINE_DKMS=''
RPM_DEFINE_KMOD='--define "kernels $(LINUX_VERSION)"'
RPM_DEFINE_UTIL=''
RPM_SPEC_DIR='rpm/generic'
RPM_VERSION='4.11.1'
SED='/bin/sed'
SET_MAKE=''
SHELL='/bin/bash'
SPL_CONFIG='all'
SPL_META_ALIAS='spl-0.6.3-1'
SPL_META_AUTHOR=''
SPL_META_DATA=''
SPL_META_LT_AGE=''
SPL_META_LT_CURRENT=''
SPL_META_LT_REVISION=''
SPL_META_NAME='spl'
SPL_META_RELEASE='1'
SPL_META_VERSION='0.6.3'
SRPM_DEFINE_COMMON='--define "build_src_rpm 1"'
SRPM_DEFINE_DKMS=''
SRPM_DEFINE_KMOD=''
SRPM_DEFINE_UTIL=''
STRIP='strip'
VENDOR='ubuntu'
VERSION='0.6.3'
ac_ct_AR='ar'
ac_ct_CC='gcc'
ac_ct_DUMPBIN=''
am__EXEEXT_FALSE=''
am__EXEEXT_TRUE='#'
am__fastdepCC_FALSE='#'
am__fastdepCC_TRUE=''
am__include='include'
am__isrc=''
am__leading_dot='.'
am__nodep='_no'
am__quote=''
am__tar='$${TAR-tar} chof - "$$tardir"'
am__untar='$${TAR-tar} xf -'
bindir='${exec_prefix}/bin'
build='x86_64-unknown-linux-gnu'
build_alias=''
build_cpu='x86_64'
build_os='linux-gnu'
build_vendor='unknown'
datadir='${datarootdir}'
datarootdir='${prefix}/share'
docdir='${datarootdir}/doc/${PACKAGE}'
dvidir='${docdir}'
exec_prefix='${prefix}'
host='x86_64-unknown-linux-gnu'
host_alias=''
host_cpu='x86_64'
host_os='linux-gnu'
host_vendor='unknown'
htmldir='${docdir}'
includedir='${prefix}/include'
infodir='${datarootdir}/info'
install_sh='${SHELL} /home/ubuntu/zfs/spl-0.6.3/config/install-sh'
libdir='${exec_prefix}/lib'
libexecdir='${exec_prefix}/libexec'
localedir='${datarootdir}/locale'
localstatedir='${prefix}/var'
mandir='${datarootdir}/man'
mkdir_p='/bin/mkdir -p'
oldincludedir='/usr/include'
pdfdir='${docdir}'
prefix='/usr/local'
program_transform_name='s,x,x,'
psdir='${docdir}'
sbindir='${exec_prefix}/sbin'
sharedstatedir='${prefix}/com'
sysconfdir='${prefix}/etc'
target='x86_64-unknown-linux-gnu'
target_alias=''
target_cpu='x86_64'
target_os='linux-gnu'
target_vendor='unknown'

## ----------- ##
## confdefs.h. ##
## ----------- ##

/* confdefs.h */
#define PACKAGE_NAME ""
#define PACKAGE_TARNAME ""
#define PACKAGE_VERSION ""
#define PACKAGE_STRING ""
#define PACKAGE_BUGREPORT ""
#define PACKAGE_URL ""
#define SPL_META_NAME "spl"
#define SPL_META_VERSION "0.6.3"
#define SPL_META_RELEASE "1"
#define SPL_META_ALIAS "spl-0.6.3-1"
#define PACKAGE "spl"
#define VERSION "0.6.3"
#define STDC_HEADERS 1
#define HAVE_SYS_TYPES_H 1
#define HAVE_SYS_STAT_H 1
#define HAVE_STDLIB_H 1
#define HAVE_STRING_H 1
#define HAVE_MEMORY_H 1
#define HAVE_STRINGS_H 1
#define HAVE_INTTYPES_H 1
#define HAVE_STDINT_H 1
#define HAVE_UNISTD_H 1
#define HAVE_DLFCN_H 1
#define LT_OBJDIR ".libs/"
#define DEBUG_LOG 1
#define DEBUG_KMEM 1
#define HAVE_ATOMIC64_T 1
#define HAVE_ATOMIC64_CMPXCHG 1
#define HAVE_ATOMIC64_XCHG 1
#define HAVE_UINTPTR_T 1
#define HAVE_SPLIT_SHRINKER_CALLBACK 1
#define HAVE_PATH_IN_NAMEIDATA 1
#define HAVE_VMALLOC_INFO 1
#define HAVE_PDE_DATA 1
#define HAVE_FLS64 1
#define HAVE_DEVICE_CREATE 1
#define HAVE_5ARGS_DEVICE_CREATE 1
#define HAVE_SET_NORMALIZED_TIMESPEC_EXPORT 1
#define HAVE_SET_NORMALIZED_TIMESPEC_INLINE 1
#define HAVE_TIMESPEC_SUB 1
#define HAVE_INIT_UTSNAME 1
#define HAVE_UACCESS_HEADER 1
#define HAVE_KMALLOC_NODE 1
#define HAVE_INODE_I_MUTEX 1
#define HAVE_MUTEX_OWNER 1
#define HAVE_MUTEX_OWNER_TASK_STRUCT 1
#define HAVE_MUTEX_LOCK_NESTED 1
#define HAVE_3ARGS_ON_EACH_CPU 1
#define HAVE_KALLSYMS_LOOKUP_NAME 1
#define HAVE_PGDAT_HELPERS 1
#define HAVE_GLOBAL_PAGE_STATE 1
#define HAVE_ZONE_STAT_ITEM_NR_FREE_PAGES 1
#define HAVE_ZONE_STAT_ITEM_NR_INACTIVE_ANON 1
#define HAVE_ZONE_STAT_ITEM_NR_INACTIVE_FILE 1
#define HAVE_ZONE_STAT_ITEM_NR_ACTIVE_ANON 1
#define HAVE_ZONE_STAT_ITEM_NR_ACTIVE_FILE 1
#define HAVE_USER_PATH_DIR 1
#define HAVE_SET_FS_PWD_WITH_CONST 1
#define HAVE_3ARGS_VFS_UNLINK 1
#define HAVE_5ARGS_VFS_RENAME 1
#define HAVE_VFS_FSYNC 1
#define HAVE_2ARGS_VFS_FSYNC 1
#define HAVE_FS_STRUCT_SPINLOCK 1
#define HAVE_CRED_STRUCT 1
#define HAVE_KUIDGID_T 1
#define HAVE_PUT_TASK_STRUCT 1
#define HAVE_5ARGS_PROC_HANDLER 1
#define HAVE_KVASPRINTF 1
#define HAVE_FILE_FALLOCATE 1
#define HAVE_KERN_PATH_LOCKED 1
#define HAVE_2ARGS_ZLIB_DEFLATE_WORKSPACESIZE 1
#define HAVE_SHRINK_CONTROL_STRUCT 1
#define RWSEM_SPINLOCK_IS_RAW 1
#define HAVE_SCHED_RT_HEADER 1
#define HAVE_2ARGS_VFS_GETATTR 1
#define HAVE_USLEEP_RANGE 1
#define HAVE_KMEM_CACHE_ALLOCFLAGS 1

configure: exit 0

## ---------------------- ##
## Running config.status. ##
## ---------------------- ##

This file was extended by config.status, which was
generated by GNU Autoconf 2.68.  Invocation command line was

  CONFIG_FILES    = 
  CONFIG_HEADERS  = 
  CONFIG_LINKS    = 
  CONFIG_COMMANDS = 
  $ ./config.status 

on zfs

config.status:1239: creating Makefile
config.status:1239: creating man/Makefile
config.status:1239: creating man/man1/Makefile
config.status:1239: creating man/man5/Makefile
config.status:1239: creating lib/Makefile
config.status:1239: creating cmd/Makefile
config.status:1239: creating module/Makefile
config.status:1239: creating module/spl/Makefile
config.status:1239: creating module/splat/Makefile
config.status:1239: creating include/Makefile
config.status:1239: creating include/fs/Makefile
config.status:1239: creating include/linux/Makefile
config.status:1239: creating include/rpc/Makefile
config.status:1239: creating include/sharefs/Makefile
config.status:1239: creating include/sys/Makefile
config.status:1239: creating include/sys/fm/Makefile
config.status:1239: creating include/sys/fs/Makefile
config.status:1239: creating include/sys/sysevent/Makefile
config.status:1239: creating include/util/Makefile
config.status:1239: creating include/vm/Makefile
config.status:1239: creating scripts/Makefile
config.status:1239: creating rpm/Makefile
config.status:1239: creating rpm/fedora/Makefile
config.status:1239: creating rpm/fedora/spl.spec
config.status:1239: creating rpm/fedora/spl-kmod.spec
config.status:1239: creating rpm/fedora/spl-dkms.spec
config.status:1239: creating rpm/generic/Makefile
config.status:1239: creating rpm/generic/spl.spec
config.status:1239: creating rpm/generic/spl-kmod.spec
config.status:1239: creating rpm/generic/spl-dkms.spec
config.status:1239: creating spl.release
config.status:1239: creating spl_config.h
config.status:1468: executing depfiles commands
config.status:1468: executing libtool commands
